23.09.2016 20:14:43	/
23.09.2016 20:14:45	/bitrix/templates/web20/css/reset.css
23.09.2016 20:14:45	/bitrix/templates/web20/css/style.css
23.09.2016 20:14:45	/bitrix/templates/web20/js/animations/css/animations.min.css
23.09.2016 20:14:45	/bitrix/templates/web20/js/masterslider/style/masterslider.css
23.09.2016 20:14:45	/bitrix/templates/web20/css/font-awesome/css/font-awesome.min.css
23.09.2016 20:14:45	/bitrix/templates/web20/js/masterslider/skins/default/style.css
23.09.2016 20:14:45	/bitrix/templates/web20/js/carouselowl/owl.carousel.css
23.09.2016 20:14:45	/bitrix/templates/web20/css/responsive-leyouts.css
23.09.2016 20:14:45	/bitrix/templates/web20/js/cubeportfolio/cubeportfolio.min.css
23.09.2016 20:14:45	/bitrix/templates/web20/js/mainmenu/menu2.css
23.09.2016 20:14:45	/bitrix/templates/web20/js/accordion/style.css
23.09.2016 20:14:45	/bitrix/cache/css/s1/web20/kernel_main/kernel_main.css?147127127344417
23.09.2016 20:14:46	/bitrix/cache/css/s1/web20/template_7e8111e241a4b7bbdd390937f72a0d11/template_7e8111e241a4b7bbdd390937f72a0d11.css?145693048523750
23.09.2016 20:14:46	/bitrix/panel/main/popup.min.css?147127103220704
23.09.2016 20:14:46	/bitrix/cache/js/s1/web20/kernel_main/kernel_main.js?1471271273269063
23.09.2016 20:14:46	/bitrix/cache/js/s1/web20/template_8c9c284561202f647511a6ae9749f012/template_8c9c284561202f647511a6ae9749f012.js?145569552834690
23.09.2016 20:14:46	/bitrix/templates/web20/js/universal/jquery.js
23.09.2016 20:14:46	/bitrix/templates/web20/js/animations/js/animations.min.js
23.09.2016 20:14:46	/bitrix/templates/web20/js/tabs/assets/css/responsive-tabs2.css
23.09.2016 20:14:46	/bitrix/templates/web20/js/mainmenu/customeUI.js
23.09.2016 20:14:46	/bitrix/templates/web20/js/masterslider/jquery.easing.min.js
23.09.2016 20:14:47	/bitrix/templates/web20/js/masterslider/masterslider.min.js
23.09.2016 20:14:47	/bitrix/templates/web20/js/scrolltotop/totop.js
23.09.2016 20:14:47	/bitrix/templates/web20/js/mainmenu/sticky.js
23.09.2016 20:14:47	/bitrix/templates/web20/js/mainmenu/modernizr.custom.75180.js
23.09.2016 20:14:47	/bitrix/templates/web20/js/cubeportfolio/jquery.cubeportfolio.min.js
23.09.2016 20:14:47	/bitrix/templates/web20/css/shortcodes.css
23.09.2016 20:14:47	/bitrix/templates/web20/js/mainmenu/bootstrap.min.js
23.09.2016 20:14:48	/bitrix/templates/web20/js/accordion/jquery.easing.1.3.js
23.09.2016 20:14:48	/bitrix/templates/web20/js/accordion/custom.js
23.09.2016 20:14:48	/bitrix/templates/web20/js/carouselowl/owl.carousel.js
23.09.2016 20:14:48	/bitrix/templates/web20/js/tabs/assets/js/responsive-tabs.min.js
23.09.2016 20:14:48	/bitrix/templates/web20/js/universal/custom.js
23.09.2016 20:14:48	/bitrix/templates/web20/js/masterslider/blank.gif
23.09.2016 20:14:48	/upload/iblock/0cc/gr.jpg
23.09.2016 20:14:48	/upload/iblock/ec6/3.jpg
23.09.2016 20:14:48	/bitrix/templates/web20/js/form/sky-forms.css
23.09.2016 20:14:48	/bitrix/templates/web20/js/accordion/jquery.accordion.js
23.09.2016 20:14:49	/upload/iblock/a51/4.jpg
23.09.2016 20:14:49	/upload/iblock/ffa/ush.jpg
23.09.2016 20:14:49	/bitrix/templates/web20/js/carouselowl/owl.transitions.css
23.09.2016 20:14:49	/upload/iblock/2dc/5.jpg
23.09.2016 20:14:49	/upload/iblock/9a0/6.jpg
23.09.2016 20:14:49	/bitrix/templates/web20/js/cubeportfolio/main.js
23.09.2016 20:14:49	/upload/medialibrary/616/director-2.png
23.09.2016 20:14:49	/bitrix/templates/web20/images/h-line10.png
23.09.2016 20:14:49	/images/footer-logo.png
23.09.2016 20:14:49	/upload/iblock/5a9/zad.jpg
23.09.2016 20:14:49	/bitrix/templates/web20/js/mainmenu/bootstrap.min2.css
23.09.2016 20:14:50	/upload/iblock/bc7/zem.jpg
23.09.2016 20:14:50	/upload/iblock/d25/sud.jpg
23.09.2016 20:14:59	/bitrix/templates/web20/images/logo2.png
23.09.2016 20:15:00	/bitrix/templates/web20/images/h-line8.png
23.09.2016 20:15:01	/bitrix/templates/web20/images/h-line9.png
23.09.2016 20:15:01	/bitrix/templates/web20/images/texture1.jpg
23.09.2016 20:15:01	/bitrix/templates/web20/js/masterslider/style/loading-2.gif
23.09.2016 20:15:02	/bitrix/templates/web20/images/fade1.png
23.09.2016 20:15:02	/bitrix/templates/web20/images/site-fullimg1.jpg
23.09.2016 20:15:02	/bitrix/templates/web20/images/graph1.png
23.09.2016 20:15:02	/bitrix/templates/web20/css/font-awesome/fonts/fontawesome-webfont.eot?
23.09.2016 20:15:02	/images/bg_bottom.png
23.09.2016 20:15:02	/bitrix/templates/web20/js/cubeportfolio/cbp-loading.gif
23.09.2016 20:15:03	/bitrix/templates/web20/images/top-site-search-icon.png
23.09.2016 20:15:04	/upload/iblock/275/bg2.jpg
23.09.2016 20:15:05	/masterslider/style/grab.cur
23.09.2016 20:15:06	/upload/iblock/a80/simage2.png
23.09.2016 20:15:06	/upload/iblock/6b7/bg4.jpg
23.09.2016 20:15:06	/bitrix/templates/web20/images/scroll-top-arrow.png
23.09.2016 20:15:06	/bitrix/templates/web20/js/masterslider/skins/default/light-skin-1.png
23.09.2016 20:15:06	/upload/iblock/d25/director.png
23.09.2016 20:15:06	/upload/iblock/619/2.jpg
23.09.2016 20:15:07	/bitrix/templates/web20/images/favicon.ico
23.09.2016 20:15:07	/favicon.ico
23.09.2016 20:15:12	/kontakty/
23.09.2016 20:15:13	/bitrix/cache/css/s1/web20/page_d13c4e8e9d5fdb3709e8b0795a6018f6/page_d13c4e8e9d5fdb3709e8b0795a6018f6.css?145569580218889
23.09.2016 20:15:13	/bitrix/cache/css/s1/web20/template_d2d260c10091b2b6a1f6ab9d75a26b32/template_d2d260c10091b2b6a1f6ab9d75a26b32.css?14569304904818
23.09.2016 20:15:13	/bitrix/css/main/font-awesome.css?144740549328777
23.09.2016 20:15:13	/bitrix/cache/js/s1/web20/template_406c2845d0449b0cc055a02fbc6c4302/template_406c2845d0449b0cc055a02fbc6c4302.js?14491366027521
23.09.2016 20:15:13	/bitrix/cache/js/s1/web20/page_18682d4f06e3fb27ac4deda0e5083c15/page_18682d4f06e3fb27ac4deda0e5083c15.js?145569575331423
23.09.2016 20:15:14	/bitrix/js/main/jquery/jquery-1.8.3.min.js?144740549393636
23.09.2016 20:15:15	/bitrix/fonts/fontawesome-webfont.eot?
23.09.2016 20:15:18	/bitrix/templates/web20/images/site-fullimg3.png
23.09.2016 20:15:21	/bitrix/templates/web20/images/favicon.ico
23.09.2016 20:15:59	/bitrix/js/main/core/images/wait.gif
