13.07.2016 9:26:05	/
13.07.2016 9:26:06	/bitrix/cache/css/s1/main/template_0e4c1ef305c2643a1c6ce71050722757/template_0e4c1ef305c2643a1c6ce71050722757.css?14570864854355
13.07.2016 9:26:06	/bitrix/templates/main/css/lightbox.css
13.07.2016 9:26:06	/bitrix/templates/main/css/toster.css
13.07.2016 9:26:07	/bitrix/templates/main/source/jquery.fancybox.css?v=2.1.2
13.07.2016 9:26:07	/bitrix/templates/main/js/lightbox.min.js
13.07.2016 9:26:07	/bitrix/templates/main/js/jquery.main.js
13.07.2016 9:26:07	/bitrix/templates/main/js/jVForms.min.js
13.07.2016 9:26:07	/bitrix/templates/main/js/f1call.js
13.07.2016 9:26:07	/bitrix/templates/main/js/xhr.request.js
13.07.2016 9:26:07	/bitrix/templates/main/js/auto.date.latest.js
13.07.2016 9:26:08	/bitrix/templates/main/img/logo.png
13.07.2016 9:26:08	/bitrix/templates/main/img/close2.png
13.07.2016 9:26:08	/bitrix/templates/main/pic/installation__pic1_2.png
13.07.2016 9:26:08	/bitrix/templates/main/pic/wind1.jpg
13.07.2016 9:26:08	/bitrix/templates/main/pic/wind2.jpg
13.07.2016 9:26:08	/bitrix/templates/main/pic/wind4.jpg
13.07.2016 9:26:08	/bitrix/templates/main/pic/benefit1.png
13.07.2016 9:26:08	/bitrix/templates/main/pic/benefit2.png
13.07.2016 9:26:08	/bitrix/templates/main/pic/benefit3.png
13.07.2016 9:26:08	/bitrix/templates/main/img/about-us__pic1.png
13.07.2016 9:26:08	/bitrix/templates/main/pic/about-us__pic4.jpg
13.07.2016 9:26:09	/bitrix/templates/main/pic/about-us__inner1.jpg
13.07.2016 9:26:09	/bitrix/templates/main/img/about-us__pic2.png
13.07.2016 9:26:09	/bitrix/templates/main/img/about-us__pic3.png
13.07.2016 9:26:09	/bitrix/templates/main/pic/about-us__pic6.jpg
13.07.2016 9:26:09	/img/rehau-house8.jpg
13.07.2016 9:26:09	/img/rehau-flat1.jpg
13.07.2016 9:26:09	/img/rehau-flat3.jpg
13.07.2016 9:26:09	/img/rehau-flat4.jpg
13.07.2016 9:26:09	/img/rehau-flat6.jpg
13.07.2016 9:26:10	/img/rehau-flat5.jpg
13.07.2016 9:26:10	/img/rehau-flat7.jpg
13.07.2016 9:26:10	/img/rehau-flat8.jpg
13.07.2016 9:26:10	/img/rehau-flat10.jpg
13.07.2016 9:26:10	/img/rehau-flat12.jpg
13.07.2016 9:26:10	/img/rehau-flat13.jpg
13.07.2016 9:26:10	/img/rehau-flat14.jpg
13.07.2016 9:26:10	/img/rehau-house1.jpg
13.07.2016 9:26:11	/img/rehau-house3.jpg
13.07.2016 9:26:11	/bitrix/cache/css/s1/main/kernel_main/kernel_main.css?14319594753041
13.07.2016 9:26:11	/bitrix/templates/main/js/jquery-2.1.3.min.js
13.07.2016 9:26:12	/img/rehau-house17.jpg
13.07.2016 9:26:12	/bitrix/templates/main/img/rehau-footer.png
13.07.2016 9:26:12	/bitrix/templates/main/img/company-market.png
13.07.2016 9:26:12	/bitrix/templates/main/img/cash_1.png
13.07.2016 9:26:12	/bitrix/templates/main/img/cash_2.png
13.07.2016 9:26:12	/bitrix/templates/main/img/cash_3.png
13.07.2016 9:26:12	/bitrix/templates/main/img/close3.png
13.07.2016 9:26:12	/img/rehau-house10.jpg
13.07.2016 9:26:13	/img/rehau-house15.jpg
13.07.2016 9:26:13	/img/rehau-house11.jpg
13.07.2016 9:26:14	/img/rehau-house4.jpg
13.07.2016 9:26:14	/img/rehau-house7.jpg
13.07.2016 9:26:15	/bitrix/cache/js/s1/main/kernel_main/kernel_main.js?1432109235195588
13.07.2016 9:26:15	/bitrix/templates/main/source/jquery.fancybox.js?v=2.1.3
13.07.2016 9:26:16	/bitrix/templates/main/img/installation__input.png
13.07.2016 9:26:16	/bitrix/templates/main/img/butt1.png
13.07.2016 9:26:16	/bitrix/templates/main/pic/icons_winter_rehau.png
13.07.2016 9:26:17	/bitrix/templates/main/img/arrow-prev.png
13.07.2016 9:26:17	/bitrix/templates/main/img/about-us__guarantee.png
13.07.2016 9:26:17	/bitrix/templates/main/img/arrow-next.png
13.07.2016 9:26:17	/bitrix/templates/main/img/installation__warning.png
13.07.2016 9:26:17	/bitrix/templates/main/img/zoom.png
13.07.2016 9:26:17	/bitrix/templates/main/img/about-us__more.png
13.07.2016 9:26:17	/bitrix/templates/main/img/metering-bg.jpg
13.07.2016 9:26:17	/bitrix/templates/main/img/banner-orange-button.jpg
13.07.2016 9:26:18	/bitrix/templates/main/img/prev.png
13.07.2016 9:26:18	/bitrix/templates/main/img/site__header-recall.png
13.07.2016 9:26:18	/bitrix/templates/main/img/loading.gif
13.07.2016 9:26:18	/bitrix/templates/main/img/close.png
13.07.2016 9:26:18	/bitrix/templates/main/img/active-point.png
13.07.2016 9:26:18	/bitrix/templates/main/img/point.png
13.07.2016 9:26:18	/bitrix/templates/main/img/pen.png
13.07.2016 9:26:18	/bitrix/templates/main/img/icon.png
13.07.2016 9:26:18	/bitrix/templates/main/img/location-icon.png
13.07.2016 9:26:18	/bitrix/templates/main/img/facebook.png
13.07.2016 9:26:18	/bitrix/templates/main/img/twitter.png
13.07.2016 9:26:18	/bitrix/templates/main/img/youtube.png
13.07.2016 9:26:18	/bitrix/templates/main/img/vk.png
13.07.2016 9:26:19	/bitrix/templates/main/img/sdelano.png
13.07.2016 9:26:19	/bitrix/templates/main/img/next.png
13.07.2016 9:26:19	/bitrix/templates/main/img/girl-with-gift.png
13.07.2016 9:26:19	/bitrix/templates/main/img/wave-line.png
13.07.2016 9:26:19	/bitrix/templates/main/img/close-button.png
13.07.2016 9:26:19	/bitrix/templates/main/img/win1.png
13.07.2016 9:26:20	/bitrix/templates/main/img/inp1.png
13.07.2016 9:26:21	/bitrix/templates/main/img/installation-shadow_3.png
13.07.2016 9:26:21	/favicon.png
13.07.2016 9:31:02	/bitrix/templates/main/pic/wind11.jpg
13.07.2016 9:31:34	/contacts/
13.07.2016 9:31:36	/bitrix/templates/main/img/logo2.png
13.07.2016 9:31:36	/bitrix/templates/main/pic/contacts__card.png
13.07.2016 9:31:36	/bitrix/templates/main/pic/cont1.jpg
13.07.2016 9:31:36	/bitrix/templates/main/pic/cont2.jpg
13.07.2016 9:31:36	/bitrix/templates/main/pic/cont4.jpg
13.07.2016 9:31:36	/bitrix/templates/main/pic/cont5.jpg
13.07.2016 9:31:36	/bitrix/templates/main/pic/cont6.jpg
13.07.2016 9:31:36	/bitrix/templates/main/pic/phone-pic.png
13.07.2016 9:31:36	/bitrix/templates/main/pic/mail-pic.png
13.07.2016 9:31:37	/bitrix/templates/main/pic/cash-pic.png
13.07.2016 9:31:39	/bitrix/templates/main/img/site__header-recall2.png
13.07.2016 9:31:39	/bitrix/templates/main/img/contacts__subtitle.png
13.07.2016 9:31:40	/Home/fonts/glyphicons-halflings-regular.eot?
13.07.2016 10:13:47	/bitrix/templates/main/pic/wind22.jpg
18.07.2016 9:37:40	/favicon.ico
