18.07.2016 8:09:05	/
18.07.2016 8:09:06	/minify/b9cd58cd924600a1c5662ef09f38bd7197220282.css
18.07.2016 8:09:08	/gfx/_bkg.jpg
18.07.2016 8:09:10	/assets/a55d5a2c/fonts/fontawesome-webfont.eot?
18.07.2016 8:09:11	/minify/be59f1fe09287cc6291dda05ad0fe0b5c972f6a9.js
18.07.2016 8:09:12	/favicon.ico
18.07.2016 8:09:18	/baki
18.07.2016 8:09:18	/images/9f058226e5cf60a79a743bd65fef8da5.jpg
18.07.2016 8:09:19	/images/e0551df6aaf4b5ae3d6bd80b123df2a3.jpg
18.07.2016 8:09:19	/images/33a4553ea7a6589c1720629fe636a872.jpg
18.07.2016 8:09:20	/minify/fc81c0d3a89322d93ee254cce4cece16c1abb272.css
18.07.2016 8:09:20	/images/30a410fd3c3cbcabcb6e8c350c8ab0b2.jpg
18.07.2016 8:09:20	/images/268f221776f725f643f00d1e4188ec3b.jpg
18.07.2016 8:09:21	/images/17d8d4a969b35a3312998b50284a2396.jpg
18.07.2016 8:09:21	/images/230745274ddeb238d9559ae05ab01a6e.jpg
18.07.2016 8:09:23	/product/griffin-25-rta-top-airflow-by-geekvape
18.07.2016 8:09:24	/minify/7bd70527f1a5b4e420fc3803a23a695bd00004e2.js
18.07.2016 8:09:24	/images/c3d4103795fcd9b19e665a6f92bf2221.jpg
18.07.2016 8:09:24	/images/805b4faed131e29ab9ac319e26ccbeb2.jpg
18.07.2016 8:09:24	/images/6ee3b9e1ff96bbac03d96d1a9e5a241f.jpg
18.07.2016 8:09:25	/images/57583adfdfb3049f9af950c531cd4b79.jpg
18.07.2016 8:09:26	/images/e9c682e2cf9c6963b1a78b9cf978e053.jpg
18.07.2016 8:09:27	/images/9c886adf1158fd12d180412509185c3a.jpg
18.07.2016 8:11:19	/product/smoktech-tfv4-full-kit
18.07.2016 8:11:19	/images/a80d7062490e53a6c3ff07ddc4222221.jpg
18.07.2016 8:11:19	/images/b35314b8d6b8a034c659acf0932b122f.jpg
18.07.2016 8:11:19	/images/f1fa2a8e7b271d3a483acf75ea178a28.jpg
18.07.2016 8:11:19	/images/944d76d1e160e57fadc6ccd797d8595f.jpg
18.07.2016 8:11:20	/images/9135b96353cdc16c24f5a80b2d3b0c58.jpg
18.07.2016 8:11:20	/images/19d0590cd5d888be38c92a548e22b02a.jpg
18.07.2016 8:12:34	/cart
18.07.2016 8:14:09	/platy
18.07.2016 8:14:09	/images/4949844f8a747534f02e042bcb1d0704.jpg
18.07.2016 8:14:09	/images/5255fd4ab05458604f954a2b0c1d70d0.jpg
18.07.2016 8:14:10	/images/e91dd34c56fce00051df73ad3ea613b4.jpg
18.07.2016 8:14:10	/images/8659da6d76f95a0c4d02b86d93e0ae50.jpg
18.07.2016 8:14:10	/images/9edc4a5183fe8e087f74daeca0097f1f.jpg
18.07.2016 8:14:11	/images/b1b8f1fdde55e19f3ea34940b415a192.jpg
18.07.2016 8:14:11	/images/b2cdfc4f780a44eb55c856b112b98594.jpg
18.07.2016 8:14:15	/product/joyetech-cuboid-mini-80w
18.07.2016 8:14:16	/images/f2c88be23b7685c0b9d31a28a214365f.jpg
18.07.2016 8:20:04	/9790be48af52438ca704232d9e836884/arterySignalR/ping?requestUrl=http%3A%2F%2Flocalhost%3A31776%2Fproduct%2Fjoyetech-cuboid-mini-80w&browserName=InternetExplorer&_=1468819196674
18.07.2016 8:21:15	/dripki
18.07.2016 8:21:15	/images/268564f0f061afd51456ea7981e51342.jpg
18.07.2016 8:21:16	/images/8b75e841c61a726e90ae6be38cf48600.jpg
18.07.2016 8:21:16	/images/f3a031f1451a104110bf0a0421e43094.jpg
18.07.2016 8:21:17	/images/f5647f7abc038257a071233bddaa18d1.jpg
18.07.2016 8:21:17	/images/00701cf1e099f475e76c3ce609d38e5d.jpg
18.07.2016 8:21:18	/images/1b5351125107a96cb11d10244dd93ac7.jpg
18.07.2016 8:21:18	/images/1c570b6f785c4cc42f4eb4868e16305c.jpg
18.07.2016 8:21:19	/images/743b554a69d34559f2b1d255df1e876c.jpg
18.07.2016 8:21:19	/images/41931d175e57e9f714eb089d7401c1ee.jpg
18.07.2016 8:21:27	/product/subzero-rda-clone
18.07.2016 8:21:28	/images/2cd7f2482df610e51e360fb274b7264e.jpg
18.07.2016 8:21:30	/images/8c41fc5b4a42694261002ce87328dc08.jpg
18.07.2016 8:21:31	/images/0215e356a23f33a9401364e394891f3d.jpg
18.07.2016 8:21:32	/images/c3163ae59a4c6160e2804c69dc930900.jpg
18.07.2016 8:21:32	/images/6e7a4b4a9dacb5328ee9eb38d553dda3.jpg
18.07.2016 8:27:28	/zidkosti
18.07.2016 8:27:29	/images/fbe71f449bbd1276b5ce8bdc078bd686.jpg
18.07.2016 8:27:29	/images/9c13ceabc9088851f207ed50bac3bede.jpg
18.07.2016 8:27:31	/images/c351ec4a501c99b6bac96cec4e0c3cf8.jpg
18.07.2016 8:27:33	/images/6f34212b881acbedefe318b6759e0ada.jpg
18.07.2016 8:27:36	/images/35b74ec5f1268e389d912216de53266f.jpg
18.07.2016 8:27:37	/images/5059e0d21ba919d3a30da2051d69e28b.jpg
18.07.2016 8:27:37	/images/e6730804a1e4957bf4b7b75839894065.jpg
18.07.2016 8:27:40	/images/f87124395a5f6b2134c412c751bb0ca3.jpg
18.07.2016 8:27:40	/images/b3844819e757ff4c206abb5ef79f8c1d.jpg
18.07.2016 8:27:43	/images/53395177f16e9e0a57d37cc0335985f7.jpg
18.07.2016 8:27:44	/images/ba043b704d501b5f9880ba62eb00dfdf.jpg
18.07.2016 8:27:44	/images/b872b2a5aaf9beb406c21b1632437f25.jpg
18.07.2016 8:27:54	/product/humble
18.07.2016 8:35:47	/9790be48af52438ca704232d9e836884/arterySignalR/ping?requestUrl=http%3A%2F%2Flocalhost%3A31776%2Fcart&browserName=InternetExplorer&_=1468820146764
18.07.2016 8:38:56	/cart/order
