30.01.2017 8:30:37	/
30.01.2017 8:30:39	/bitrix/js/main/core/css/core.min.css?14684307882854
30.01.2017 8:30:39	/bitrix/templates/landing001/css/animations/animations.css?147557366622289
30.01.2017 8:30:39	/bitrix/components/kuznica/metatags/templates/.default/style.css?1485464468238
30.01.2017 8:30:39	/bitrix/templates/landing001/styles.css?1485339705132
30.01.2017 8:30:40	/bitrix/templates/landing001/template_styles.css?148533970524
30.01.2017 8:30:40	/bitrix/templates/landing001/css/bootstrap/bootstrap.css.map?1475573666366144
30.01.2017 8:30:40	/bitrix/js/main/core/core_ajax.min.js?147273333721031
30.01.2017 8:30:41	/bitrix/templates/landing001/css/plugins/plugins.css?147557366610424
30.01.2017 8:30:41	/bitrix/js/main/core/core_ls.min.js?14684307887365
30.01.2017 8:30:41	/bitrix/js/main/core/core_fx.min.js?14684307889592
30.01.2017 8:30:41	/bitrix/js/main/core/core_frame_cache.min.js?146918521211191
30.01.2017 8:30:42	/bitrix/js/main/jquery/jquery-1.8.3.min.js?146843078893636
30.01.2017 8:30:42	/bitrix/templates/landing001/js/up.js
30.01.2017 8:30:43	/bitrix/templates/landing001/js/bootstrap.js
30.01.2017 8:30:43	/bitrix/templates/landing001/js/headroom.min.js
30.01.2017 8:30:43	/bitrix/templates/landing001/js/jQuery.headroom.js
30.01.2017 8:30:43	/bitrix/templates/landing001/js/jquery.inview.min.js
30.01.2017 8:30:44	/bitrix/templates/landing001/js/owl.carousel.min.js
30.01.2017 8:30:44	/bitrix/templates/landing001/js/validator.js
30.01.2017 8:30:44	/bitrix/templates/landing001/js/jquery.colorbox-min.js
30.01.2017 8:30:44	/bitrix/templates/landing001/js/alive.scripts.js
30.01.2017 8:30:45	/include/logo.png
30.01.2017 8:30:45	/include/rak.png
30.01.2017 8:30:45	/include/icons/icon5.png
30.01.2017 8:30:45	/include/icons/icon2.png
30.01.2017 8:30:45	/include/icons/icon6.png
30.01.2017 8:30:45	/include/icons/icon3.png
30.01.2017 8:30:45	/include/icons/icon1.png
30.01.2017 8:30:46	/include/icons/icon4.png
30.01.2017 8:30:46	/include/eographiya.png
30.01.2017 8:30:46	/include/chto-daet-sotrudnichestvo.jpg
30.01.2017 8:30:46	/bitrix/js/main/json/json2.min.js?14684307883467
30.01.2017 8:30:46	/bitrix/templates/landing001/img/avatars/02.jpg
30.01.2017 8:30:46	/bitrix/templates/landing001/img/avatars/01.jpg
30.01.2017 8:30:47	/upload/iblock/9f5/9f5471386e98cb2386286553059a9a29.jpg
30.01.2017 8:30:47	/upload/iblock/b5d/b5de079cd0d83c1d01832c1bf788939b.jpg
30.01.2017 8:30:47	/upload/iblock/9bf/9bf2ae08765470c89408da6d24808633.jpg
30.01.2017 8:30:47	/bitrix/js/delement.floatblock/script.js?14853412242998
30.01.2017 8:30:47	/upload/iblock/1fc/1fcfdac06c28f45b9796e07a6dcfcb91.jpg
30.01.2017 8:30:47	/upload/iblock/c33/c33ca5c52a1304757defe9b54312ea9c.jpg
30.01.2017 8:30:47	/bitrix/templates/landing001/js/parallax.js
30.01.2017 8:30:48	/bitrix/templates/landing001/js/jquery_1.11.1.min.js
30.01.2017 8:30:48	/bitrix/templates/landing001/js/smoothscroll.js
30.01.2017 8:30:48	/upload/iblock/336/336b03acf9b5bc375686926b1fc6e6ed.jpg
30.01.2017 8:30:49	/bitrix/js/main/core/core_db.min.js?14684310535048
30.01.2017 8:30:49	/bitrix/js/main/core/core.min.js?147988287573556
30.01.2017 8:30:50	/bitrix/js/delement.floatblock/style.css
30.01.2017 8:30:50	/bitrix/templates/landing001/css/bootstrap/bootstrap.css?147557366679503
30.01.2017 8:30:51	/bitrix/templates/landing001/css/style-default.css?147584356029382
30.01.2017 8:30:51	/bitrix/templates/landing001/css/icons/elegant.css?147557366625267
30.01.2017 8:30:53	/bitrix/templates/landing001/img/avatars/04.jpg
30.01.2017 8:30:54	/bitrix/templates/landing001/img/lightbox/controls.png
30.01.2017 8:30:54	/include/background-ligh1t-gradient.jpg
30.01.2017 8:30:55	/include/background-dark.jpg
30.01.2017 8:30:55	/include/bgwood.jpg
30.01.2017 8:30:56	/bitrix/templates/landing001/fonts/ElegantIcons.eot
30.01.2017 8:30:56	/bitrix/templates/landing001/fonts/ElegantIcons.woff
30.01.2017 8:30:56	/bitrix/templates/landing001/img/preloader.gif
30.01.2017 8:30:57	/bitrix/templates/landing001/img/parallax_bg/nature.jpg
30.01.2017 8:30:57	/bitrix/templates/landing001/img/favicon/favicon.ico
30.01.2017 8:33:32	/bitrix/templates/landing001/img/lightbox/loading.gif
30.01.2017 8:33:36	/bitrix/js/main/core/core_db.map.js
30.01.2017 8:33:37	/bitrix/js/main/core/core.map.js
30.01.2017 8:33:37	/bitrix/js/main/core/core_ajax.map.js
30.01.2017 8:33:37	/bitrix/js/main/core/core_frame_cache.map.js
30.01.2017 8:33:39	/bitrix/js/main/core/core_ls.map.js
30.01.2017 8:33:39	/bitrix/js/main/core/core_fx.map.js
30.01.2017 8:35:59	/ce4fe7e2a5954b9dbbee3010be81609b/arterySignalR/ping?requestUrl=http%3A%2F%2Flocalhost%3A31776%2F&browserName=InternetExplorer&_=1485754559264
30.01.2017 8:40:59	/ce4fe7e2a5954b9dbbee3010be81609b/arterySignalR/ping?requestUrl=http%3A%2F%2Flocalhost%3A31776%2F&browserName=InternetExplorer&_=1485754859316
30.01.2017 8:45:59	/ce4fe7e2a5954b9dbbee3010be81609b/arterySignalR/ping?requestUrl=http%3A%2F%2Flocalhost%3A31776%2F&browserName=InternetExplorer&_=1485755159322
30.01.2017 8:47:10	/bitrix/templates/landing001/fonts/ElegantIcons.eot
30.01.2017 8:47:16	/bitrix/templates/landing001/img/lightbox/controls.png
30.01.2017 8:49:26	/bitrix/templates/landing001/fonts/ElegantIcons.eot
30.01.2017 8:49:26	/bitrix/templates/landing001/img/lightbox/controls.png
30.01.2017 8:52:23	/bitrix/templates/landing001/fonts/ElegantIcons.eot
30.01.2017 8:52:24	/bitrix/templates/landing001/img/lightbox/controls.png
30.01.2017 8:57:26	/ce4fe7e2a5954b9dbbee3010be81609b/arterySignalR/ping?requestUrl=http%3A%2F%2Flocalhost%3A31776%2F&browserName=InternetExplorer&_=1485755846405
30.01.2017 8:57:39	/bitrix/templates/landing001/fonts/ElegantIcons.eot
30.01.2017 8:57:40	/bitrix/templates/landing001/img/lightbox/controls.png
30.01.2017 9:00:37	/bitrix/templates/landing001/fonts/ElegantIcons.eot
30.01.2017 9:00:37	/bitrix/templates/landing001/img/lightbox/controls.png
30.01.2017 9:05:38	/ce4fe7e2a5954b9dbbee3010be81609b/arterySignalR/ping?requestUrl=http%3A%2F%2Flocalhost%3A31776%2F&browserName=InternetExplorer&_=1485756338544
30.01.2017 9:05:59	/bitrix/templates/landing001/fonts/ElegantIcons.eot
30.01.2017 9:06:00	/bitrix/templates/landing001/img/lightbox/controls.png
30.01.2017 9:07:22	/bitrix/templates/landing001/fonts/ElegantIcons.eot
30.01.2017 9:07:24	/bitrix/templates/landing001/img/lightbox/controls.png
30.01.2017 9:10:31	/bitrix/templates/landing001/fonts/ElegantIcons.eot
30.01.2017 9:10:37	/bitrix/templates/landing001/img/lightbox/controls.png
30.01.2017 9:15:38	/ce4fe7e2a5954b9dbbee3010be81609b/arterySignalR/ping?requestUrl=http%3A%2F%2Flocalhost%3A31776%2F&browserName=InternetExplorer&_=1485756938318
30.01.2017 9:17:06	/bitrix/templates/landing001/fonts/ElegantIcons.eot
30.01.2017 9:17:11	/bitrix/templates/landing001/img/lightbox/controls.png
30.01.2017 9:22:13	/ce4fe7e2a5954b9dbbee3010be81609b/arterySignalR/ping?requestUrl=http%3A%2F%2Flocalhost%3A31776%2F&browserName=InternetExplorer&_=1485757332161
30.01.2017 9:27:12	/ce4fe7e2a5954b9dbbee3010be81609b/arterySignalR/ping?requestUrl=http%3A%2F%2Flocalhost%3A31776%2F&browserName=InternetExplorer&_=1485757632162
30.01.2017 9:32:12	/ce4fe7e2a5954b9dbbee3010be81609b/arterySignalR/ping?requestUrl=http%3A%2F%2Flocalhost%3A31776%2F&browserName=InternetExplorer&_=1485757932211
30.01.2017 9:37:08	/bitrix/templates/landing001/fonts/ElegantIcons.eot
30.01.2017 9:37:13	/bitrix/templates/landing001/img/lightbox/controls.png
30.01.2017 9:37:41	/bitrix/templates/landing001/fonts/ElegantIcons.eot
30.01.2017 9:37:42	/bitrix/templates/landing001/img/lightbox/controls.png
30.01.2017 9:40:25	/bitrix/templates/landing001/fonts/ElegantIcons.eot
30.01.2017 9:40:27	/bitrix/templates/landing001/img/lightbox/controls.png
30.01.2017 9:45:27	/ce4fe7e2a5954b9dbbee3010be81609b/arterySignalR/ping?requestUrl=http%3A%2F%2Flocalhost%3A31776%2F&browserName=InternetExplorer&_=1485758727733
30.01.2017 9:50:27	/ce4fe7e2a5954b9dbbee3010be81609b/arterySignalR/ping?requestUrl=http%3A%2F%2Flocalhost%3A31776%2F&browserName=InternetExplorer&_=1485759027728
30.01.2017 9:51:05	/bitrix/templates/landing001/fonts/ElegantIcons.eot
30.01.2017 9:51:07	/bitrix/templates/landing001/img/lightbox/controls.png
30.01.2017 9:56:08	/ce4fe7e2a5954b9dbbee3010be81609b/arterySignalR/ping?requestUrl=http%3A%2F%2Flocalhost%3A31776%2F&browserName=InternetExplorer&_=1485759368291
30.01.2017 9:56:31	/bitrix/templates/landing001/fonts/ElegantIcons.eot
30.01.2017 9:56:34	/bitrix/templates/landing001/img/lightbox/controls.png
30.01.2017 10:01:34	/ce4fe7e2a5954b9dbbee3010be81609b/arterySignalR/ping?requestUrl=http%3A%2F%2Flocalhost%3A31776%2F&browserName=InternetExplorer&_=1485759694524
30.01.2017 10:03:31	/bitrix/templates/landing001/fonts/ElegantIcons.eot
30.01.2017 10:03:33	/bitrix/templates/landing001/img/lightbox/controls.png
30.01.2017 10:06:50	/bitrix/templates/landing001/fonts/ElegantIcons.eot
30.01.2017 10:06:52	/bitrix/templates/landing001/img/lightbox/controls.png
30.01.2017 10:07:43	/bitrix/templates/landing001/fonts/ElegantIcons.eot
30.01.2017 10:07:45	/bitrix/templates/landing001/img/lightbox/controls.png
30.01.2017 10:10:02	/bitrix/templates/landing001/fonts/ElegantIcons.eot
30.01.2017 10:10:03	/bitrix/templates/landing001/img/lightbox/controls.png
30.01.2017 10:12:33	/bitrix/templates/landing001/fonts/ElegantIcons.eot
30.01.2017 10:12:34	/bitrix/templates/landing001/img/lightbox/controls.png
30.01.2017 10:14:47	/bitrix/templates/landing001/fonts/ElegantIcons.eot
30.01.2017 10:14:49	/bitrix/templates/landing001/img/lightbox/controls.png
30.01.2017 10:15:43	/bitrix/templates/landing001/fonts/ElegantIcons.eot
30.01.2017 10:15:44	/bitrix/templates/landing001/img/lightbox/controls.png
30.01.2017 10:19:30	/bitrix/templates/landing001/fonts/ElegantIcons.eot
30.01.2017 10:19:32	/bitrix/templates/landing001/img/lightbox/controls.png
30.01.2017 10:20:43	/bitrix/templates/landing001/fonts/ElegantIcons.eot
30.01.2017 10:20:45	/bitrix/templates/landing001/img/lightbox/controls.png
30.01.2017 10:23:44	/bitrix/templates/landing001/fonts/ElegantIcons.eot
30.01.2017 10:23:45	/bitrix/templates/landing001/img/lightbox/controls.png
30.01.2017 10:25:20	/favicon.ico
30.01.2017 10:25:31	/bitrix/templates/landing001/fonts/ElegantIcons.eot
30.01.2017 10:25:37	/bitrix/templates/landing001/img/lightbox/controls.png
30.01.2017 10:27:40	/bitrix/templates/landing001/fonts/ElegantIcons.eot
30.01.2017 10:27:41	/bitrix/templates/landing001/img/lightbox/controls.png
30.01.2017 10:29:54	/bitrix/templates/landing001/fonts/ElegantIcons.eot
30.01.2017 10:30:00	/bitrix/templates/landing001/img/lightbox/controls.png
30.01.2017 10:32:06	/bitrix/templates/landing001/fonts/ElegantIcons.eot
30.01.2017 10:32:07	/bitrix/templates/landing001/img/lightbox/controls.png
30.01.2017 10:34:50	/bitrix/templates/landing001/img/lightbox/controls.png
30.01.2017 10:34:51	/bitrix/templates/landing001/fonts/ElegantIcons.eot
30.01.2017 10:36:55	/bitrix/templates/landing001/img/lightbox/controls.png
30.01.2017 10:36:55	/bitrix/templates/landing001/fonts/ElegantIcons.eot
30.01.2017 10:41:57	/ce4fe7e2a5954b9dbbee3010be81609b/arterySignalR/ping?requestUrl=http%3A%2F%2Flocalhost%3A31776%2F&browserName=InternetExplorer&_=1485762116963
30.01.2017 10:44:36	/bitrix/templates/landing001/fonts/ElegantIcons.eot
30.01.2017 10:44:36	/bitrix/templates/landing001/img/lightbox/controls.png
30.01.2017 10:45:43	/bitrix/templates/landing001/fonts/ElegantIcons.eot
30.01.2017 10:45:43	/bitrix/templates/landing001/img/lightbox/controls.png
30.01.2017 10:47:03	/bitrix/templates/landing001/fonts/ElegantIcons.eot
30.01.2017 10:47:05	/bitrix/templates/landing001/img/lightbox/controls.png
30.01.2017 10:47:42	/bitrix/templates/landing001/fonts/ElegantIcons.eot
30.01.2017 10:47:43	/bitrix/templates/landing001/img/lightbox/controls.png
30.01.2017 10:50:49	/bitrix/templates/landing001/fonts/ElegantIcons.eot
30.01.2017 10:50:49	/bitrix/templates/landing001/img/lightbox/controls.png
30.01.2017 10:51:59	/bitrix/templates/landing001/fonts/ElegantIcons.eot
30.01.2017 10:52:00	/bitrix/templates/landing001/img/lightbox/controls.png
30.01.2017 10:57:18	/bitrix/templates/landing001/fonts/ElegantIcons.eot
30.01.2017 10:57:19	/bitrix/templates/landing001/img/lightbox/controls.png
30.01.2017 11:02:20	/ce4fe7e2a5954b9dbbee3010be81609b/arterySignalR/ping?requestUrl=http%3A%2F%2Flocalhost%3A31776%2F&browserName=InternetExplorer&_=1485763339807
30.01.2017 11:03:20	/bitrix/templates/landing001/fonts/ElegantIcons.eot
30.01.2017 11:03:20	/bitrix/templates/landing001/img/lightbox/controls.png
30.01.2017 11:04:39	/bitrix/templates/landing001/fonts/ElegantIcons.eot
30.01.2017 11:04:41	/bitrix/templates/landing001/img/lightbox/controls.png
30.01.2017 11:09:43	/bitrix/templates/landing001/fonts/ElegantIcons.eot
30.01.2017 11:09:44	/bitrix/templates/landing001/img/lightbox/controls.png
30.01.2017 11:14:46	/ce4fe7e2a5954b9dbbee3010be81609b/arterySignalR/ping?requestUrl=http%3A%2F%2Flocalhost%3A31776%2F&browserName=InternetExplorer&_=1485764085864
30.01.2017 11:19:46	/ce4fe7e2a5954b9dbbee3010be81609b/arterySignalR/ping?requestUrl=http%3A%2F%2Flocalhost%3A31776%2F&browserName=InternetExplorer&_=1485764385886
30.01.2017 11:24:46	/ce4fe7e2a5954b9dbbee3010be81609b/arterySignalR/ping?requestUrl=http%3A%2F%2Flocalhost%3A31776%2F&browserName=InternetExplorer&_=1485764685871
30.01.2017 11:27:52	/bitrix/templates/landing001/fonts/ElegantIcons.eot
30.01.2017 11:32:54	/ce4fe7e2a5954b9dbbee3010be81609b/arterySignalR/ping?requestUrl=http%3A%2F%2Flocalhost%3A31776%2F&browserName=InternetExplorer&_=1485765173981
30.01.2017 11:36:00	/bitrix/templates/landing001/fonts/ElegantIcons.eot
30.01.2017 11:39:06	/bitrix/templates/landing001/fonts/ElegantIcons.eot
30.01.2017 11:39:41	/bitrix/templates/landing001/fonts/ElegantIcons.eot
30.01.2017 11:42:32	/bitrix/templates/landing001/fonts/ElegantIcons.eot
30.01.2017 11:45:01	/bitrix/templates/landing001/fonts/ElegantIcons.eot
30.01.2017 11:50:03	/ce4fe7e2a5954b9dbbee3010be81609b/arterySignalR/ping?requestUrl=http%3A%2F%2Flocalhost%3A31776%2F&browserName=InternetExplorer&_=1485766202988
30.01.2017 11:51:09	/bitrix/templates/landing001/fonts/ElegantIcons.eot
30.01.2017 11:53:17	/bitrix/templates/landing001/fonts/ElegantIcons.eot
30.01.2017 11:54:22	/bitrix/templates/landing001/fonts/ElegantIcons.eot
30.01.2017 11:59:11	/bitrix/templates/landing001/fonts/ElegantIcons.eot
30.01.2017 12:02:07	/bitrix/templates/landing001/fonts/ElegantIcons.eot
30.01.2017 12:07:09	/ce4fe7e2a5954b9dbbee3010be81609b/arterySignalR/ping?requestUrl=http%3A%2F%2Flocalhost%3A31776%2F&browserName=InternetExplorer&_=1485767229316
30.01.2017 12:10:11	/bitrix/templates/landing001/fonts/ElegantIcons.eot
30.01.2017 12:15:13	/ce4fe7e2a5954b9dbbee3010be81609b/arterySignalR/ping?requestUrl=http%3A%2F%2Flocalhost%3A31776%2F&browserName=InternetExplorer&_=1485767712216
30.01.2017 12:15:34	/bitrix/templates/landing001/fonts/ElegantIcons.eot
30.01.2017 12:20:42	/ce4fe7e2a5954b9dbbee3010be81609b/arterySignalR/ping?requestUrl=http%3A%2F%2Flocalhost%3A31776%2F&browserName=InternetExplorer&_=1485768040317
30.01.2017 12:22:23	/upload/gal/1.jpg
30.01.2017 12:22:24	/upload/gal/4.jpg
30.01.2017 12:22:24	/upload/gal/5.jpg
30.01.2017 12:22:24	/upload/gal/6.jpg
30.01.2017 12:22:24	/upload/gal/7.jpg
30.01.2017 12:22:24	/upload/gal/10.jpg
30.01.2017 12:22:24	/upload/gal/11.jpg
30.01.2017 12:22:24	/upload/gal/12.jpg
30.01.2017 12:22:25	/upload/gal/13.jpg
30.01.2017 12:22:25	/upload/gal/14.jpg
30.01.2017 12:22:25	/upload/gal/15.jpg
30.01.2017 12:22:25	/upload/gal/16.jpg
30.01.2017 12:22:25	/upload/gal/17.jpg
30.01.2017 12:22:25	/upload/gal/2.jpg
30.01.2017 12:22:27	/upload/gal/8.jpg
30.01.2017 12:22:28	/bitrix/templates/landing001/fonts/ElegantIcons.eot
30.01.2017 12:22:28	/upload/gal/3.jpg
30.01.2017 12:24:14	/bitrix/templates/landing001/fonts/ElegantIcons.eot
30.01.2017 12:26:29	/bitrix/templates/landing001/fonts/ElegantIcons.eot
30.01.2017 12:31:08	/bitrix/templates/landing001/fonts/ElegantIcons.eot
30.01.2017 12:36:09	/ce4fe7e2a5954b9dbbee3010be81609b/arterySignalR/ping?requestUrl=http%3A%2F%2Flocalhost%3A31776%2F&browserName=InternetExplorer&_=1485768968929
30.01.2017 12:40:23	/bitrix/templates/landing001/fonts/ElegantIcons.eot
30.01.2017 12:42:25	/bitrix/templates/landing001/fonts/ElegantIcons.eot
30.01.2017 12:44:55	/bitrix/templates/landing001/fonts/ElegantIcons.eot
30.01.2017 12:49:38	/bitrix/templates/landing001/fonts/ElegantIcons.eot
30.01.2017 12:50:24	/bitrix/templates/landing001/fonts/ElegantIcons.eot
30.01.2017 12:51:46	/bitrix/templates/landing001/fonts/ElegantIcons.eot
30.01.2017 13:26:05	/bitrix/templates/landing001/fonts/ElegantIcons.eot
30.01.2017 13:27:14	/bitrix/templates/landing001/fonts/ElegantIcons.eot
30.01.2017 13:31:58	/bitrix/templates/landing001/fonts/ElegantIcons.eot
30.01.2017 13:33:28	/bitrix/templates/landing001/fonts/ElegantIcons.eot
30.01.2017 13:35:36	/bitrix/templates/landing001/fonts/ElegantIcons.eot
30.01.2017 13:36:50	/bitrix/templates/landing001/fonts/ElegantIcons.eot
30.01.2017 13:39:22	/bitrix/templates/landing001/fonts/ElegantIcons.eot
30.01.2017 13:41:17	/bitrix/templates/landing001/fonts/ElegantIcons.eot
30.01.2017 13:46:18	/ce4fe7e2a5954b9dbbee3010be81609b/arterySignalR/ping?requestUrl=http%3A%2F%2Flocalhost%3A31776%2F&browserName=InternetExplorer&_=1485773178661
