07.09.2016 8:51:18	/
07.09.2016 8:51:18	/css/vendor.min.css
07.09.2016 8:51:19	/js/vendor.min.js
07.09.2016 8:51:19	/js/main.min.js
07.09.2016 8:51:19	/images/pic/d3-min.png
07.09.2016 8:51:19	/images/pic/d4-min.png
07.09.2016 8:51:20	/images/pic/d5-min.png
07.09.2016 8:51:20	/images/pic/d6-min.png
07.09.2016 8:51:20	/images/pic/1-1.png
07.09.2016 8:51:20	/images/pic/1-2.png
07.09.2016 8:51:20	/images/pic/vint.png
07.09.2016 8:51:20	/images/pic/2-2.png
07.09.2016 8:51:20	/images/pic/3-1.png
07.09.2016 8:51:20	/images/pic/3-2.png
07.09.2016 8:51:20	/images/pic/4-1.png
07.09.2016 8:51:20	/images/pic/4-2.png
07.09.2016 8:51:21	/images/pic/2-1.png
07.09.2016 8:51:21	/images/pic/5-2.png
07.09.2016 8:51:21	/images/pic/6-1.png
07.09.2016 8:51:21	/images/pic/6-2.png
07.09.2016 8:51:21	/images/pic/7-1.png
07.09.2016 8:51:21	/images/pic/7-2.png
07.09.2016 8:51:21	/images/pic/8-1.png
07.09.2016 8:51:21	/images/pic/8-2.png
07.09.2016 8:51:21	/images/pic/9-1.png
07.09.2016 8:51:21	/images/pic/9-2.png
07.09.2016 8:51:21	/images/pic/10-1.png
07.09.2016 8:51:22	/images/pic/d1-min.png
07.09.2016 8:51:22	/images/logo-b.png
07.09.2016 8:51:22	/images/kdm.png
07.09.2016 8:51:22	/images/pic/10-2.png
07.09.2016 8:51:22	/images/pic/5-1.png
07.09.2016 8:51:23	/css/styles.min.css
07.09.2016 8:51:23	/images/pic/d2-min.png
07.09.2016 8:51:24	/images/radial2.png
07.09.2016 8:51:24	/images/icon.png
07.09.2016 8:51:24	/images/pic/bg5.jpg
07.09.2016 8:51:24	/images/pic/bg6.jpg
07.09.2016 8:51:25	/images/pic/bg1.jpg
07.09.2016 8:51:25	/images/pic/bg4.jpg
07.09.2016 8:51:25	/fonts/ADOBECLEAN-BOLD.woff
07.09.2016 8:51:25	/images/pic/bg3.jpg
07.09.2016 8:51:26	/fonts/ADOBECLEAN-LIGHT.woff
07.09.2016 8:51:26	/fonts/ADOBECLEAN-LIGHT.ttf
07.09.2016 8:51:26	/fonts/doma.eot?t8ocqc
07.09.2016 8:51:26	/fonts/ADOBECLEAN-BOLD.ttf
07.09.2016 8:51:27	/images/pic/bg2.jpg
07.09.2016 8:51:27	/fonts/ADOBECLEAN-REGULAR.woff
07.09.2016 8:51:27	/fonts/ADOBECLEAN-REGULAR.ttf
07.09.2016 8:51:27	/images/logo-w.png
07.09.2016 8:51:28	/favicon.png
