19.01.2017 8:59:30	/
19.01.2017 8:59:47	/content/script/2_profile.js?20170111
19.01.2017 8:59:47	/content/script/myzone.js?20170111
19.01.2017 8:59:47	/content/script/1_angular.js?20170111
19.01.2017 8:59:47	/content/script/catalog.js?20170111
19.01.2017 8:59:47	/content/script/grid.js?20170111
19.01.2017 8:59:51	/content/sso/sso.js?20160621
19.01.2017 8:59:52	/content/script/0_auth.js?20170111
19.01.2017 8:59:52	/content/script/order.js?20170111
19.01.2017 8:59:53	/content/script/trends.js?20170111
19.01.2017 8:59:53	/sites/all/themes/sprox2/img/logo.png
19.01.2017 8:59:53	/sites/all/themes/sprox2/img/logo-leomil.png
19.01.2017 8:59:53	/sites/all/themes/sprox2/img/iso.png
19.01.2017 8:59:53	/sites/all/themes/sprox2/img/banner-lookbook.jpg
19.01.2017 8:59:53	/content/script/login.js?20170111
19.01.2017 8:59:54	/content/script/html2canvas.js
19.01.2017 8:59:54	/content/routing/routing.js?20170111
19.01.2017 8:59:55	/content/script/es6-promise.min.js
19.01.2017 8:59:55	/en/login?original=%2F
19.01.2017 8:59:58	/content/script/general.js?20170111
19.01.2017 9:00:07	/action/SPROX/en/serverVariables?nocache=1484805593
19.01.2017 9:00:11	/en/login?original=%2Fen%2Flogin%3Foriginal%3D%252F%23%2F
19.01.2017 9:00:16	/action/SPROX/en/serverVariables?nocache=1484805609
19.01.2017 9:00:23	/en/login?original=%2Fen%2Flogin%3Foriginal%3D%252Fen%252Flogin%253Foriginal%253D%25252F%2523%252F%23%2F
19.01.2017 9:01:01	/action/SPROX/en/serverVariables?nocache=1484805621
19.01.2017 9:01:10	/en/login?original=%2Fen%2Flogin%3Foriginal%3D%252Fen%252Flogin%253Foriginal%253D%25252Fen%25252Flogin%25253Foriginal%25253D%2525252F%252523%25252F%2523%252F%23%2F
19.01.2017 9:05:07	/content/script/1_angular.js?20170111
19.01.2017 9:05:07	/content/script/order.js?20170111
19.01.2017 9:05:07	/content/sso/sso.js?20160621
19.01.2017 9:05:07	/content/script/grid.js?20170111
19.01.2017 9:05:08	/content/script/trends.js?20170111
19.01.2017 9:05:08	/content/script/general.js?20170111
19.01.2017 9:05:09	/content/script/login.js?20170111
19.01.2017 9:05:09	/content/script/catalog.js?20170111
19.01.2017 9:05:10	/content/script/2_profile.js?20170111
19.01.2017 9:05:10	/content/script/myzone.js?20170111
19.01.2017 9:05:11	/content/script/0_auth.js?20170111
19.01.2017 9:05:11	/content/script/es6-promise.min.js
19.01.2017 9:05:12	/content/routing/routing.js?20170111
19.01.2017 9:05:12	/content/script/html2canvas.js
19.01.2017 9:09:51	/content/script/es6-promise.min.js
19.01.2017 9:09:52	/content/script/grid.js?20170111
19.01.2017 9:09:52	/content/script/trends.js?20170111
19.01.2017 9:09:52	/content/script/order.js?20170111
19.01.2017 9:09:52	/content/sso/sso.js?20160621
19.01.2017 9:09:52	/content/script/1_angular.js?20170111
19.01.2017 9:09:53	/content/script/html2canvas.js
19.01.2017 9:09:53	/content/routing/routing.js?20170111
19.01.2017 9:09:54	/content/script/0_auth.js?20170111
19.01.2017 9:09:54	/content/script/general.js?20170111
19.01.2017 9:09:55	/content/script/login.js?20170111
19.01.2017 9:09:55	/content/script/myzone.js?20170111
19.01.2017 9:09:56	/content/script/2_profile.js?20170111
19.01.2017 9:09:57	/content/script/catalog.js?20170111
19.01.2017 9:10:08	/en/login?original=%2Fen%2Flogin%3Foriginal%3D%252Fen%252Flogin%253Foriginal%253D%25252Fen%25252Flogin%25253Foriginal%25253D%2525252F%252523%25252F%2523%252F%23%2F
19.01.2017 9:10:10	/action/SPROX/en/serverVariables?nocache=1484806206
19.01.2017 9:10:12	/en/login?original=%2Fen%2Flogin%3Foriginal%3D%252Fen%252Flogin%253Foriginal%253D%25252Fen%25252Flogin%25253Foriginal%25253D%2525252Fen%2525252Flogin%2525253Foriginal%2525253D%252525252F%25252523%2525252F%252523%25252F%2523%252F%23%2F
19.01.2017 9:10:14	/action/SPROX/en/serverVariables?nocache=1484806210
19.01.2017 9:10:16	/en/login?original=%2Fen%2Flogin%3Foriginal%3D%252Fen%252Flogin%253Foriginal%253D%25252Fen%25252Flogin%25253Foriginal%25253D%2525252Fen%2525252Flogin%2525253Foriginal%2525253D%252525252Fen%252525252Flogin%252525253Foriginal%252525253D%25252525252F%2525252523%252525252F%25252523%2525252F%252523%25252F%2523%252F%23%2F
19.01.2017 9:10:17	/action/SPROX/en/serverVariables?nocache=1484806214
19.01.2017 9:10:22	/en/login?original=%2Fen%2Flogin%3Foriginal%3D%252Fen%252Flogin%253Foriginal%253D%25252Fen%25252Flogin%25253Foriginal%25253D%2525252Fen%2525252Flogin%2525253Foriginal%2525253D%252525252Fen%252525252Flogin%252525253Foriginal%252525253D%25252525252Fen%25252525252Flogin%25252525253Foriginal%25252525253D%2525252525252F%252525252523%25252525252F%2525252523%252525252F%25252523%2525252F%252523%25252F%2523%252F%23%2F
19.01.2017 9:10:25	/action/SPROX/en/serverVariables?nocache=1484806220
19.01.2017 9:10:26	/en/login?original=%2Fen%2Flogin%3Foriginal%3D%252Fen%252Flogin%253Foriginal%253D%25252Fen%25252Flogin%25253Foriginal%25253D%2525252Fen%2525252Flogin%2525253Foriginal%2525253D%252525252Fen%252525252Flogin%252525253Foriginal%252525253D%25252525252Fen%25252525252Flogin%25252525253Foriginal%25252525253D%2525252525252Fen%2525252525252Flogin%2525252525253Foriginal%2525252525253D%252525252525252F%25252525252523%2525252525252F%252525252523%25252525252F%2525252523%252525252F%25252523%2525252F%252523%25252F%2523%252F%23%2F
19.01.2017 9:10:28	/action/SPROX/en/serverVariables?nocache=1484806224
19.01.2017 9:10:31	/en/login?original=%2Fen%2Flogin%3Foriginal%3D%252Fen%252Flogin%253Foriginal%253D%25252Fen%25252Flogin%25253Foriginal%25253D%2525252Fen%2525252Flogin%2525253Foriginal%2525253D%252525252Fen%252525252Flogin%252525253Foriginal%252525253D%25252525252Fen%25252525252Flogin%25252525253Foriginal%25252525253D%2525252525252Fen%2525252525252Flogin%2525252525253Foriginal%2525252525253D%252525252525252Fen%252525252525252Flogin%252525252525253Foriginal%252525252525253D%25252525252525252F%2525252525252523%252525252525252F%25252525252523%2525252525252F%252525252523%25252525252F%2525252523%252525252F%25252523%2525252F%252523%25252F%2523%252F%23%2F
19.01.2017 9:10:33	/action/SPROX/en/serverVariables?nocache=1484806229
19.01.2017 9:10:35	/en/login?original=%2Fen%2Flogin%3Foriginal%3D%252Fen%252Flogin%253Foriginal%253D%25252Fen%25252Flogin%25253Foriginal%25253D%2525252Fen%2525252Flogin%2525253Foriginal%2525253D%252525252Fen%252525252Flogin%252525253Foriginal%252525253D%25252525252Fen%25252525252Flogin%25252525253Foriginal%25252525253D%2525252525252Fen%2525252525252Flogin%2525252525253Foriginal%2525252525253D%252525252525252Fen%252525252525252Flogin%252525252525253Foriginal%252525252525253D%25252525252525252Fen%25252525252525252Flogin%25252525252525253Foriginal%25252525252525253D%2525252525252525252F%252525252525252523%25252525252525252F%2525252525252523%252525252525252F%25252525252523%2525252525252F%252525252523%25252525252F%2525252523%252525252F%25252523%2525252F%252523%25252F%2523%252F%23%2F
19.01.2017 9:10:36	/action/SPROX/en/serverVariables?nocache=1484806233
19.01.2017 9:10:38	/en/login?original=%2Fen%2Flogin%3Foriginal%3D%252Fen%252Flogin%253Foriginal%253D%25252Fen%25252Flogin%25253Foriginal%25253D%2525252Fen%2525252Flogin%2525253Foriginal%2525253D%252525252Fen%252525252Flogin%252525253Foriginal%252525253D%25252525252Fen%25252525252Flogin%25252525253Foriginal%25252525253D%2525252525252Fen%2525252525252Flogin%2525252525253Foriginal%2525252525253D%252525252525252Fen%252525252525252Flogin%252525252525253Foriginal%252525252525253D%25252525252525252Fen%25252525252525252Flogin%25252525252525253Foriginal%25252525252525253D%2525252525252525252Fen%2525252525252525252Flogin%2525252525252525253Foriginal%2525252525252525253D%252525252525252525252F%25252525252525252523%2525252525252525252F%252525252525252523%25252525252525252F%2525252525252523%252525252525252F%25252525252523%2525252525252F%252525252523%25252525252F%2525252523%252525252F%25252523%2525252F%252523%25252F%2523%252F%23%2F
19.01.2017 9:10:39	/action/SPROX/en/serverVariables?nocache=1484806236
19.01.2017 9:10:42	/en/login?original=%2Fen%2Flogin%3Foriginal%3D%252Fen%252Flogin%253Foriginal%253D%25252Fen%25252Flogin%25253Foriginal%25253D%2525252Fen%2525252Flogin%2525253Foriginal%2525253D%252525252Fen%252525252Flogin%252525253Foriginal%252525253D%25252525252Fen%25252525252Flogin%25252525253Foriginal%25252525253D%2525252525252Fen%2525252525252Flogin%2525252525253Foriginal%2525252525253D%252525252525252Fen%252525252525252Flogin%252525252525253Foriginal%252525252525253D%25252525252525252Fen%25252525252525252Flogin%25252525252525253Foriginal%25252525252525253D%2525252525252525252Fen%2525252525252525252Flogin%2525252525252525253Foriginal%2525252525252525253D%252525252525252525252Fen%252525252525252525252Flogin%252525252525252525253Foriginal%252525252525252525253D%25252525252525252525252F%2525252525252525252523%252525252525252525252F%25252525252525252523%2525252525252525252F%252525252525252523%25252525252525252F%2525252525252523%252525252525252F%25252525252523%2525252525252F%252525252523%25252525252F%2525252523%252525252F%25252523%2525252F%252523%25252F%2523%252F%23%2F
19.01.2017 9:10:43	/action/SPROX/en/serverVariables?nocache=1484806240
19.01.2017 9:10:47	/en/login?original=%2Fen%2Flogin%3Foriginal%3D%252Fen%252Flogin%253Foriginal%253D%25252Fen%25252Flogin%25253Foriginal%25253D%2525252Fen%2525252Flogin%2525253Foriginal%2525253D%252525252Fen%252525252Flogin%252525253Foriginal%252525253D%25252525252Fen%25252525252Flogin%25252525253Foriginal%25252525253D%2525252525252Fen%2525252525252Flogin%2525252525253Foriginal%2525252525253D%252525252525252Fen%252525252525252Flogin%252525252525253Foriginal%252525252525253D%25252525252525252Fen%25252525252525252Flogin%25252525252525253Foriginal%25252525252525253D%2525252525252525252Fen%2525252525252525252Flogin%2525252525252525253Foriginal%2525252525252525253D%252525252525252525252Fen%252525252525252525252Flogin%252525252525252525253Foriginal%252525252525252525253D%25252525252525252525252Fen%25252525252525252525252Flogin%25252525252525252525253Foriginal%25252525252525252525253D%2525252525252525252525252F%252525252525252525252523%25252525252525252525252F%2525252525252525252523%252525252525252525252F%25252525252525252523%2525252525252525252F%252525252525252523%25252525252525252F%2525252525252523%252525252525252F%25252525252523%2525252525252F%252525252523%25252525252F%2525252523%252525252F%25252523%2525252F%252523%25252F%2523%252F%23%2F
19.01.2017 9:10:49	/action/SPROX/en/serverVariables?nocache=1484806245
19.01.2017 9:10:51	/en/login?original=%2Fen%2Flogin%3Foriginal%3D%252Fen%252Flogin%253Foriginal%253D%25252Fen%25252Flogin%25253Foriginal%25253D%2525252Fen%2525252Flogin%2525253Foriginal%2525253D%252525252Fen%252525252Flogin%252525253Foriginal%252525253D%25252525252Fen%25252525252Flogin%25252525253Foriginal%25252525253D%2525252525252Fen%2525252525252Flogin%2525252525253Foriginal%2525252525253D%252525252525252Fen%252525252525252Flogin%252525252525253Foriginal%252525252525253D%25252525252525252Fen%25252525252525252Flogin%25252525252525253Foriginal%25252525252525253D%2525252525252525252Fen%2525252525252525252Flogin%2525252525252525253Foriginal%2525252525252525253D%252525252525252525252Fen%252525252525252525252Flogin%252525252525252525253Foriginal%252525252525252525253D%25252525252525252525252Fen%25252525252525252525252Flogin%25252525252525252525253Foriginal%25252525252525252525253D%2525252525252525252525252Fen%2525252525252525252525252Flogin%2525252525252525252525253Foriginal%2525252525252525252525253D%252525252525252525252525252F%25252525252525252525252523%2525252525252525252525252F%252525252525252525252523%25252525252525252525252F%2525252525252525252523%252525252525252525252F%25252525252525252523%2525252525252525252F%252525252525252523%25252525252525252F%2525252525252523%252525252525252F%25252525252523%2525252525252F%252525252523%25252525252F%2525252523%252525252F%25252523%2525252F%252523%25252F%2523%252F%23%2F
19.01.2017 9:10:54	/action/SPROX/en/serverVariables?nocache=1484806249
19.01.2017 9:10:55	/en/login?original=%2Fen%2Flogin%3Foriginal%3D%252Fen%252Flogin%253Foriginal%253D%25252Fen%25252Flogin%25253Foriginal%25253D%2525252Fen%2525252Flogin%2525253Foriginal%2525253D%252525252Fen%252525252Flogin%252525253Foriginal%252525253D%25252525252Fen%25252525252Flogin%25252525253Foriginal%25252525253D%2525252525252Fen%2525252525252Flogin%2525252525253Foriginal%2525252525253D%252525252525252Fen%252525252525252Flogin%252525252525253Foriginal%252525252525253D%25252525252525252Fen%25252525252525252Flogin%25252525252525253Foriginal%25252525252525253D%2525252525252525252Fen%2525252525252525252Flogin%2525252525252525253Foriginal%2525252525252525253D%252525252525252525252Fen%252525252525252525252Flogin%252525252525252525253Foriginal%252525252525252525253D%25252525252525252525252Fen%25252525252525252525252Flogin%25252525252525252525253Foriginal%25252525252525252525253D%2525252525252525252525252Fen%2525252525252525252525252Flogin%2525252525252525252525253Foriginal%2525252525252525252525253D%252525252525252525252525252Fen%252525252525252525252525252Flogin%252525252525252525252525253Foriginal%252525252525252525252525253D%25252525252525252525252525252F%2525252525252525252525252523%252525252525252525252525252F%25252525252525252525252523%2525252525252525252525252F%252525252525252525252523%25252525252525252525252F%2525252525252525252523%252525252525252525252F%25252525252525252523%2525252525252525252F%252525252525252523%25252525252525252F%2525252525252523%252525252525252F%25252525252523%2525252525252F%252525252523%25252525252F%2525252523%252525252F%25252523%2525252F%252523%25252F%2523%252F%23%2F
19.01.2017 9:10:58	/action/SPROX/en/serverVariables?nocache=1484806253
19.01.2017 9:11:00	/en/login?original=%2Fen%2Flogin%3Foriginal%3D%252Fen%252Flogin%253Foriginal%253D%25252Fen%25252Flogin%25253Foriginal%25253D%2525252Fen%2525252Flogin%2525253Foriginal%2525253D%252525252Fen%252525252Flogin%252525253Foriginal%252525253D%25252525252Fen%25252525252Flogin%25252525253Foriginal%25252525253D%2525252525252Fen%2525252525252Flogin%2525252525253Foriginal%2525252525253D%252525252525252Fen%252525252525252Flogin%252525252525253Foriginal%252525252525253D%25252525252525252Fen%25252525252525252Flogin%25252525252525253Foriginal%25252525252525253D%2525252525252525252Fen%2525252525252525252Flogin%2525252525252525253Foriginal%2525252525252525253D%252525252525252525252Fen%252525252525252525252Flogin%252525252525252525253Foriginal%252525252525252525253D%25252525252525252525252Fen%25252525252525252525252Flogin%25252525252525252525253Foriginal%25252525252525252525253D%2525252525252525252525252Fen%2525252525252525252525252Flogin%2525252525252525252525253Foriginal%2525252525252525252525253D%252525252525252525252525252Fen%252525252525252525252525252Flogin%252525252525252525252525253Foriginal%252525252525252525252525253D%25252525252525252525252525252Fen%25252525252525252525252525252Flogin%25252525252525252525252525253Foriginal%25252525252525252525252525253D%2525252525252525252525252525252F%252525252525252525252525252523%25252525252525252525252525252F%2525252525252525252525252523%252525252525252525252525252F%25252525252525252525252523%2525252525252525252525252F%252525252525252525252523%25252525252525252525252F%2525252525252525252523%252525252525252525252F%25252525252525252523%2525252525252525252F%252525252525252523%25252525252525252F%2525252525252523%252525252525252F%25252525252523%2525252525252F%252525252523%25252525252F%2525252523%252525252F%25252523%2525252F%252523%25252F%2523%252F%23%2F
19.01.2017 9:11:03	/action/SPROX/en/serverVariables?nocache=1484806258
19.01.2017 9:11:05	/en/login?original=%2Fen%2Flogin%3Foriginal%3D%252Fen%252Flogin%253Foriginal%253D%25252Fen%25252Flogin%25253Foriginal%25253D%2525252Fen%2525252Flogin%2525253Foriginal%2525253D%252525252Fen%252525252Flogin%252525253Foriginal%252525253D%25252525252Fen%25252525252Flogin%25252525253Foriginal%25252525253D%2525252525252Fen%2525252525252Flogin%2525252525253Foriginal%2525252525253D%252525252525252Fen%252525252525252Flogin%252525252525253Foriginal%252525252525253D%25252525252525252Fen%25252525252525252Flogin%25252525252525253Foriginal%25252525252525253D%2525252525252525252Fen%2525252525252525252Flogin%2525252525252525253Foriginal%2525252525252525253D%252525252525252525252Fen%252525252525252525252Flogin%252525252525252525253Foriginal%252525252525252525253D%25252525252525252525252Fen%25252525252525252525252Flogin%25252525252525252525253Foriginal%25252525252525252525253D%2525252525252525252525252Fen%2525252525252525252525252Flogin%2525252525252525252525253Foriginal%2525252525252525252525253D%252525252525252525252525252Fen%252525252525252525252525252Flogin%252525252525252525252525253Foriginal%252525252525252525252525253D%25252525252525252525252525252Fen%25252525252525252525252525252Flogin%25252525252525252525252525253Foriginal%25252525252525252525252525253D%2525252525252525252525252525252Fen%2525252525252525252525252525252Flogin%2525252525252525252525252525253Foriginal%2525252525252525252525252525253D%252525252525252525252525252525252F%25252525252525252525252525252523%2525252525252525252525252525252F%252525252525252525252525252523%25252525252525252525252525252F%2525252525252525252525252523%252525252525252525252525252F%25252525252525252525252523%2525252525252525252525252F%252525252525252525252523%25252525252525252525252F%2525252525252525252523%252525252525252525252F%25252525252525252523%2525252525252525252F%252525252525252523%25252525252525252F%2525252525252523%252525252525252F%25252525252523%2525252525252F%252525252523%25252525252F%2525252523%252525252F%25252523%2525252F%252523%25252F%2523%252F%23%2F
19.01.2017 9:11:08	/action/SPROX/en/serverVariables?nocache=1484806263
19.01.2017 9:18:32	/content/script/es6-promise.min.js
19.01.2017 9:18:32	/content/script/order.js?20170111
19.01.2017 9:18:32	/content/sso/sso.js?20160621
19.01.2017 9:18:32	/content/script/html2canvas.js
19.01.2017 9:18:33	/content/routing/routing.js?20170111
19.01.2017 9:18:33	/content/script/grid.js?20170111
19.01.2017 9:18:33	/content/script/0_auth.js?20170111
19.01.2017 9:18:34	/content/script/general.js?20170111
19.01.2017 9:18:34	/content/script/2_profile.js?20170111
19.01.2017 9:18:34	/content/script/trends.js?20170111
19.01.2017 9:18:34	/content/script/1_angular.js?20170111
19.01.2017 9:18:35	/content/script/catalog.js?20170111
19.01.2017 9:18:35	/content/script/myzone.js?20170111
19.01.2017 9:18:36	/content/script/login.js?20170111
19.01.2017 9:22:16	/content/script/html2canvas.js
19.01.2017 9:22:17	/content/script/grid.js?20170111
19.01.2017 9:22:17	/content/routing/routing.js?20170111
19.01.2017 9:22:17	/content/script/general.js?20170111
19.01.2017 9:22:17	/content/sso/sso.js?20160621
19.01.2017 9:22:17	/content/script/trends.js?20170111
19.01.2017 9:22:17	/content/script/myzone.js?20170111
19.01.2017 9:22:17	/content/script/order.js?20170111
19.01.2017 9:22:18	/content/script/2_profile.js?20170111
19.01.2017 9:22:18	/content/script/1_angular.js?20170111
19.01.2017 9:22:19	/content/script/login.js?20170111
19.01.2017 9:22:19	/content/script/es6-promise.min.js
19.01.2017 9:22:19	/content/script/catalog.js?20170111
19.01.2017 9:22:20	/api/routing/mail/SPROX/en?_=1484806935621
19.01.2017 9:22:20	/undefined?SPROX
19.01.2017 9:22:20	/api/routing/i18n/SPROX/en?_=1484806935622
19.01.2017 9:22:21	/api/routing/customer/SPROX/en?_=1484806935623
19.01.2017 9:22:21	/api/routing/order/SPROX/en?_=1484806935624
19.01.2017 9:22:21	/api/routing/prospects/SPROX/en?_=1484806935625
19.01.2017 9:22:35	/_Incapsula_Resource?SWJIYLWA=2977d8d74f63d7f8fedbea018b7a1d05&ns=1
19.01.2017 9:22:42	/_Incapsula_Resource?SWKMTFSR=1&e=0.6818497282535274
19.01.2017 9:22:43	/favicon.ico
19.01.2017 9:23:38	/api/routing/mail/SPROX/en?_=1484807016554
19.01.2017 9:23:39	/undefined?SPROX
19.01.2017 9:23:39	/api/routing/i18n/SPROX/en?_=1484807016555
19.01.2017 9:23:39	/api/routing/customer/SPROX/en?_=1484807016556
19.01.2017 9:23:39	/api/routing/order/SPROX/en?_=1484807016557
19.01.2017 9:23:39	/api/routing/prospects/SPROX/en?_=1484807016558
19.01.2017 9:25:37	/api/routing/mail/SPROX/en?_=1484807135265
19.01.2017 9:25:38	/undefined?SPROX
19.01.2017 9:25:38	/api/routing/i18n/SPROX/en?_=1484807135266
19.01.2017 9:25:38	/api/routing/customer/SPROX/en?_=1484807135267
19.01.2017 9:25:38	/api/routing/order/SPROX/en?_=1484807135268
19.01.2017 9:25:38	/api/routing/prospects/SPROX/en?_=1484807135269
19.01.2017 9:25:48	/_Incapsula_Resource?SWKMTFSR=1&e=0.23291171854542475
19.01.2017 9:27:28	/api/routing/mail/SPROX/en?_=1484807246292
19.01.2017 9:27:29	/undefined?SPROX
19.01.2017 9:27:29	/api/routing/i18n/SPROX/en?_=1484807246293
19.01.2017 9:27:29	/api/routing/customer/SPROX/en?_=1484807246294
19.01.2017 9:27:29	/api/routing/order/SPROX/en?_=1484807246295
19.01.2017 9:27:29	/api/routing/prospects/SPROX/en?_=1484807246296
19.01.2017 9:29:17	/_Incapsula_Resource?SWKMTFSR=1&e=0.9588372914026824
19.01.2017 9:29:57	/sites/all/themes/sprox2/lookbook/index.html
19.01.2017 9:29:57	/sites/all/themes/sprox2/lookbook/mobile/javascript/jquery-1.9.1.min.js
19.01.2017 9:29:58	/sites/all/themes/sprox2/lookbook/mobile/style/template.css
19.01.2017 9:29:58	/sites/all/themes/sprox2/lookbook/mobile/javascript/LoadingJS.js
19.01.2017 9:30:00	/sites/all/themes/sprox2/lookbook/mobile/javascript/main.js
19.01.2017 9:30:00	/sites/all/themes/sprox2/lookbook/mobile/javascript/config.js
19.01.2017 9:30:01	/sites/all/themes/sprox2/lookbook/mobile/style/style.css
19.01.2017 9:30:01	/sites/all/themes/sprox2/lookbook/mobile/javascript/bookmark_config.js
19.01.2017 9:30:02	/sites/all/themes/sprox2/lookbook/mobile/style/phoneTemplate.css
19.01.2017 9:30:02	/sites/all/themes/sprox2/lookbook/mobile/style/player.css
19.01.2017 9:30:03	/_Incapsula_Resource?SWJIYLWA=2977d8d74f63d7f8fedbea018b7a1d05&ns=2
19.01.2017 9:30:04	/sites/all/themes/sprox2/lookbook/mobile/style/icon/ZoomIn.png
19.01.2017 9:30:04	/sites/all/themes/sprox2/lookbook/mobile/style/icon/next.png
19.01.2017 9:30:04	/sites/all/themes/sprox2/lookbook/mobile/style/icon/autoPlay.png
19.01.2017 9:30:04	/sites/all/themes/sprox2/lookbook/mobile/style/icon/stopAutoPlay.png
19.01.2017 9:30:04	/sites/all/themes/sprox2/lookbook/mobile/style/icon/thumbnails.png
19.01.2017 9:30:04	/sites/all/themes/sprox2/lookbook/mobile/style/icon/sharethis.png
19.01.2017 9:30:04	/sites/all/themes/sprox2/lookbook/mobile/style/icon/search.png
19.01.2017 9:30:04	/sites/all/themes/sprox2/lookbook/mobile/style/icon/First.png
19.01.2017 9:30:04	/sites/all/themes/sprox2/lookbook/mobile/style/icon/home.png
19.01.2017 9:30:04	/sites/all/themes/sprox2/lookbook/mobile/style/icon/bookmark.png
19.01.2017 9:30:05	/sites/all/themes/sprox2/lookbook/mobile/style/icon/soundOn.png
19.01.2017 9:30:05	/sites/all/themes/sprox2/lookbook/mobile/style/icon/soundOff.png
19.01.2017 9:30:05	/sites/all/themes/sprox2/lookbook/mobile/style/icon/previous_normal.png
19.01.2017 9:30:05	/sites/all/themes/sprox2/lookbook/mobile/style/icon/previous_normal_down.png
19.01.2017 9:30:05	/sites/all/themes/sprox2/lookbook/mobile/style/icon/next_normal.png
19.01.2017 9:30:05	/sites/all/themes/sprox2/lookbook/mobile/style/icon/next_normal_down.png
19.01.2017 9:30:05	/sites/all/themes/sprox2/lookbook/mobile/style/icon/print.png
19.01.2017 9:30:05	/sites/all/themes/sprox2/lookbook/mobile/style/icon/Help.png
19.01.2017 9:30:05	/sites/all/themes/sprox2/lookbook/mobile/style/icon/about.png
19.01.2017 9:30:05	/sites/all/themes/sprox2/lookbook/mobile/style/icon/moreBar.png
19.01.2017 9:30:05	/sites/all/themes/sprox2/lookbook/mobile/style/icon/languageChange.png
19.01.2017 9:30:05	/sites/all/themes/sprox2/lookbook/mobile/style/icon/fullscreen.png
19.01.2017 9:30:05	/sites/all/themes/sprox2/lookbook/mobile/style/icon/exitFullscreen.png
19.01.2017 9:30:05	/sites/all/themes/sprox2/lookbook/mobile/style/icon/moveByPos.png
19.01.2017 9:30:05	/sites/all/themes/sprox2/lookbook/mobile/style/icon/moveByDrag.png
19.01.2017 9:30:05	/sites/all/themes/sprox2/lookbook/mobile/style/icon/annotation.png
19.01.2017 9:30:06	/sites/all/themes/sprox2/lookbook/mobile/style/icon/tableOfContent.png
19.01.2017 9:30:06	/sites/all/themes/sprox2/lookbook/mobile/style/icon/videoGallery.png
19.01.2017 9:30:06	/sites/all/themes/sprox2/lookbook/mobile/style/icon/photoGallery.png
19.01.2017 9:30:06	/sites/all/themes/sprox2/lookbook/mobile/style/icon/collapsed.png
19.01.2017 9:30:06	/sites/all/themes/sprox2/lookbook/mobile/style/icon/expanded.png
19.01.2017 9:30:06	/sites/all/themes/sprox2/lookbook/mobile/style/icon/setting.png
19.01.2017 9:30:06	/sites/all/themes/sprox2/lookbook/mobile/style/icon/choosed.png
19.01.2017 9:30:06	/sites/all/themes/sprox2/lookbook/mobile/style/icon/unchoosed.png
19.01.2017 9:30:06	/sites/all/themes/sprox2/lookbook/mobile/style/icon/gotoPage.png
19.01.2017 9:30:06	/sites/all/themes/sprox2/lookbook/mobile/style/phoneIcon/phone_icon.png
19.01.2017 9:30:06	/sites/all/themes/sprox2/lookbook/mobile/style/icon/catalog_icon.png
19.01.2017 9:30:06	/sites/all/themes/sprox2/lookbook/mobile/style/icon/download.png
19.01.2017 9:30:07	/sites/all/themes/sprox2/lookbook/mobile/style/icon/ZoomOut.png
19.01.2017 9:30:07	/sites/all/themes/sprox2/lookbook/mobile/style/icon/BackGround.jpg
19.01.2017 9:30:08	/sites/all/themes/sprox2/lookbook/mobile/style/icon/prev.png
19.01.2017 9:30:08	/sites/all/themes/sprox2/lookbook/mobile/style/icon/Last.png
19.01.2017 9:30:09	/sites/all/themes/sprox2/lookbook/files/mobile-ext/appLogoIcon.jpg
19.01.2017 9:30:09	/sites/all/themes/sprox2/lookbook/mobile/style/icon/bookMarkEnter.png
19.01.2017 9:30:10	/sites/all/themes/sprox2/lookbook/files/mobile/2.jpg
19.01.2017 9:30:10	/sites/all/themes/sprox2/lookbook/files/mobile/1.jpg
19.01.2017 9:30:10	/sites/all/themes/sprox2/lookbook/mobile/style/icon/closed.png
19.01.2017 9:30:10	/sites/all/themes/sprox2/lookbook/mobile/style/icon/thickness.png
19.01.2017 9:30:11	/sites/all/themes/sprox2/lookbook/files/mobile/3.jpg
19.01.2017 9:30:11	/sites/all/themes/sprox2/lookbook/mobile/style/icon/slide_firstButton.png
19.01.2017 9:30:11	/sites/all/themes/sprox2/lookbook/mobile/style/icon/slide_rightButton.png
19.01.2017 9:30:11	/sites/all/themes/sprox2/lookbook/mobile/style/icon/slide_lastButton.png
19.01.2017 9:30:11	/sites/all/themes/sprox2/lookbook/mobile/style/icon/ZU.png
19.01.2017 9:30:11	/sites/all/themes/sprox2/lookbook/mobile/style/icon/PB.png
19.01.2017 9:30:11	/sites/all/themes/sprox2/lookbook/mobile/style/icon/ZD.png
19.01.2017 9:30:11	/sites/all/themes/sprox2/lookbook/mobile/style/icon/ZO.png
19.01.2017 9:30:11	/sites/all/themes/sprox2/lookbook/mobile/style/icon/thickness_left.png
19.01.2017 9:30:11	/sites/all/themes/sprox2/lookbook/mobile/style/icon/NE.png
19.01.2017 9:30:11	/sites/all/themes/sprox2/lookbook/mobile/style/icon/close.png
19.01.2017 9:30:11	/sites/all/themes/sprox2/lookbook/mobile/style/icon/email.png
19.01.2017 9:30:12	/sites/all/themes/sprox2/lookbook/mobile/style/icon/facebook.png
19.01.2017 9:30:12	/sites/all/themes/sprox2/lookbook/mobile/style/icon/google.png
19.01.2017 9:30:12	/sites/all/themes/sprox2/lookbook/mobile/style/icon/myspace.png
19.01.2017 9:30:12	/sites/all/themes/sprox2/lookbook/mobile/style/icon/twitter.png
19.01.2017 9:30:12	/sites/all/themes/sprox2/lookbook/mobile/style/icon/PR.png
19.01.2017 9:30:12	/sites/all/themes/sprox2/lookbook/mobile/style/icon/more.png
19.01.2017 9:30:12	/sites/all/themes/sprox2/lookbook/mobile/style/scrollbar.css
19.01.2017 9:30:12	/sites/all/themes/sprox2/lookbook/mobile/style/icon/progress.gif
19.01.2017 9:30:13	/sites/all/themes/sprox2/lookbook/mobile/style/icon/searchButton.png
19.01.2017 9:30:13	/sites/all/themes/sprox2/lookbook/mobile/style/icon/loading.gif
19.01.2017 9:30:13	/sites/all/themes/sprox2/lookbook/mobile/style/icon/closeForm.png
19.01.2017 9:30:13	/sites/all/themes/sprox2/lookbook/mobile/style/icon/digg.png
19.01.2017 9:30:13	/_Incapsula_Resource?SWKMTFSR=1&e=0.23483629951021628
19.01.2017 9:30:13	/sites/all/themes/sprox2/lookbook/files/mobile-ext/backGroundImgURL.jpg
19.01.2017 9:30:13	/sites/all/themes/sprox2/lookbook/mobile/style/icon/slide_leftButton.png
19.01.2017 9:30:25	/sites/all/themes/sprox2/lookbook/files/mobile/4.jpg
19.01.2017 9:30:26	/sites/all/themes/sprox2/lookbook/files/mobile/5.jpg
19.01.2017 9:30:27	/sites/all/themes/sprox2/lookbook/files/mobile/6.jpg
19.01.2017 9:30:27	/sites/all/themes/sprox2/lookbook/files/mobile/7.jpg
19.01.2017 9:31:21	/sites/all/themes/sprox2/lookbook/files/mobile/12.jpg
19.01.2017 9:31:22	/sites/all/themes/sprox2/lookbook/files/mobile/13.jpg
19.01.2017 9:31:23	/sites/all/themes/sprox2/lookbook/files/mobile/10.jpg
19.01.2017 9:31:23	/sites/all/themes/sprox2/lookbook/files/mobile/11.jpg
19.01.2017 9:31:24	/sites/all/themes/sprox2/lookbook/files/mobile/15.jpg
19.01.2017 9:31:25	/sites/all/themes/sprox2/lookbook/files/mobile/14.jpg
19.01.2017 9:31:33	/sites/all/themes/sprox2/lookbook/files/mobile/8.jpg
19.01.2017 9:31:34	/sites/all/themes/sprox2/lookbook/files/mobile/9.jpg
19.01.2017 9:34:18	/64b699053d3542d3bb637ac54321a334/arterySignalR/ping?requestUrl=http%3A%2F%2Flocalhost%3A31776%2F&browserName=InternetExplorer&_=1484807657850
19.01.2017 9:35:09	/_Incapsula_Resource?SWKMTFSR=1&e=0.021199122805126036
19.01.2017 9:35:34	/sites/all/themes/sprox2/lookbook/files/mobile/16.jpg
19.01.2017 9:35:35	/sites/all/themes/sprox2/lookbook/files/mobile/17.jpg
19.01.2017 9:35:53	/sites/all/themes/sprox2/lookbook/files/mobile/18.jpg
19.01.2017 9:35:53	/sites/all/themes/sprox2/lookbook/files/mobile/19.jpg
19.01.2017 9:35:55	/sites/all/themes/sprox2/lookbook/files/mobile/20.jpg
19.01.2017 9:35:55	/sites/all/themes/sprox2/lookbook/files/mobile/21.jpg
19.01.2017 9:35:56	/sites/all/themes/sprox2/lookbook/files/mobile/23.jpg
19.01.2017 9:35:57	/sites/all/themes/sprox2/lookbook/files/mobile/22.jpg
19.01.2017 9:35:58	/sites/all/themes/sprox2/lookbook/files/mobile/24.jpg
19.01.2017 9:35:59	/sites/all/themes/sprox2/lookbook/files/mobile/25.jpg
19.01.2017 9:36:02	/sites/all/themes/sprox2/lookbook/files/mobile/26.jpg
19.01.2017 9:36:02	/sites/all/themes/sprox2/lookbook/files/mobile/27.jpg
19.01.2017 9:36:04	/sites/all/themes/sprox2/lookbook/files/mobile/28.jpg
19.01.2017 9:36:04	/sites/all/themes/sprox2/lookbook/files/mobile/29.jpg
19.01.2017 9:39:18	/64b699053d3542d3bb637ac54321a334/arterySignalR/ping?requestUrl=http%3A%2F%2Flocalhost%3A31776%2F&browserName=InternetExplorer&_=1484807957861
19.01.2017 9:40:11	/64b699053d3542d3bb637ac54321a334/arterySignalR/ping?requestUrl=http%3A%2F%2Flocalhost%3A31776%2Fsites%2Fall%2Fthemes%2Fsprox2%2Flookbook%2Findex.html&browserName=InternetExplorer&_=1484808010780
19.01.2017 9:44:18	/64b699053d3542d3bb637ac54321a334/arterySignalR/ping?requestUrl=http%3A%2F%2Flocalhost%3A31776%2F&browserName=InternetExplorer&_=1484808257853
19.01.2017 9:45:11	/64b699053d3542d3bb637ac54321a334/arterySignalR/ping?requestUrl=http%3A%2F%2Flocalhost%3A31776%2Fsites%2Fall%2Fthemes%2Fsprox2%2Flookbook%2Findex.html&browserName=InternetExplorer&_=1484808310787
19.01.2017 9:49:18	/64b699053d3542d3bb637ac54321a334/arterySignalR/ping?requestUrl=http%3A%2F%2Flocalhost%3A31776%2F&browserName=InternetExplorer&_=1484808557855
19.01.2017 9:54:18	/64b699053d3542d3bb637ac54321a334/arterySignalR/ping?requestUrl=http%3A%2F%2Flocalhost%3A31776%2F&browserName=InternetExplorer&_=1484808857857
19.01.2017 9:59:18	/64b699053d3542d3bb637ac54321a334/arterySignalR/ping?requestUrl=http%3A%2F%2Flocalhost%3A31776%2F&browserName=InternetExplorer&_=1484809157854
19.01.2017 10:01:01	/_Incapsula_Resource?SWKMTFSR=1&e=0.47649856313246086
19.01.2017 10:01:52	/api/routing/mail/SPROX/en?_=1484809310054
19.01.2017 10:01:53	/undefined?SPROX
19.01.2017 10:01:53	/api/routing/i18n/SPROX/en?_=1484809310055
19.01.2017 10:01:53	/api/routing/customer/SPROX/en?_=1484809310056
19.01.2017 10:01:53	/api/routing/order/SPROX/en?_=1484809310057
19.01.2017 10:01:53	/api/routing/prospects/SPROX/en?_=1484809310058
19.01.2017 10:02:03	/_Incapsula_Resource?SWKMTFSR=1&e=0.38901305498171523
19.01.2017 10:02:30	/_Incapsula_Resource?SWKMTFSR=1&e=0.6934157946887673
19.01.2017 10:03:40	/_Incapsula_Resource?SWKMTFSR=1&e=0.2979516563329746
19.01.2017 10:05:22	/sites/all/themes/sprox2/lookbook/mobile/javascript/search_config.js
19.01.2017 10:07:04	/64b699053d3542d3bb637ac54321a334/arterySignalR/ping?requestUrl=http%3A%2F%2Flocalhost%3A31776%2F&browserName=InternetExplorer&_=1484809623742
19.01.2017 10:07:25	/sites/all/themes/sprox2/lookbook/files/mobile/26.jpg
19.01.2017 10:07:26	/sites/all/themes/sprox2/lookbook/files/mobile/27.jpg
19.01.2017 10:07:27	/sites/all/themes/sprox2/lookbook/files/mobile/28.jpg
19.01.2017 10:07:27	/sites/all/themes/sprox2/lookbook/files/mobile/29.jpg
19.01.2017 10:07:30	/sites/all/themes/sprox2/lookbook/files/mobile/30.jpg
19.01.2017 10:07:30	/sites/all/themes/sprox2/lookbook/files/mobile/31.jpg
19.01.2017 10:07:48	/sites/all/themes/sprox2/lookbook/files/thumb/28.jpg
19.01.2017 10:07:48	/sites/all/themes/sprox2/lookbook/files/thumb/29.jpg
