09.12.2016 15:14:23	/
09.12.2016 15:14:41	/js/jquery.maskedinput.js
09.12.2016 15:14:46	/js/jquery.plugin.js
09.12.2016 15:14:50	/images/help-img1.jpg
09.12.2016 15:14:50	/images/help-img2.jpg
09.12.2016 15:14:51	/images/help-img3.jpg
09.12.2016 15:14:51	/images/help-img4.jpg
09.12.2016 15:14:51	/images/how-ico1.png
09.12.2016 15:14:51	/images/how-ico4.png
09.12.2016 15:14:51	/images/how-ico3.png
09.12.2016 15:14:52	/images/how-ico2.png
09.12.2016 15:14:52	/images/ios-img.jpg
09.12.2016 15:14:52	/images/android-img.jpg
09.12.2016 15:14:52	/images/windows-img.jpg
09.12.2016 15:14:53	/images/mac-img.jpg
09.12.2016 15:14:53	/images/logo.png
09.12.2016 15:14:53	/images/web-img.jpg
09.12.2016 15:14:53	/images/r-ico1.png
09.12.2016 15:14:53	/images/r-ico2.png
09.12.2016 15:14:53	/images/ico-phone.png
09.12.2016 15:14:53	/images/video-img1.jpg
09.12.2016 15:14:53	/images/video-img2.jpg
09.12.2016 15:14:54	/images/video-img3.jpg
09.12.2016 15:14:54	/images/video-img4.jpg
09.12.2016 15:14:54	/images/video-img5.jpg
09.12.2016 15:14:54	/images/video-img6.jpg
09.12.2016 15:14:54	/images/partner1.png
09.12.2016 15:14:54	/images/partner2.png
09.12.2016 15:14:54	/images/partner3.png
09.12.2016 15:14:54	/images/partner4.png
09.12.2016 15:14:55	/images/partner5.png
09.12.2016 15:14:55	/images/partner6.png
09.12.2016 15:14:55	/images/partners2-img.png
09.12.2016 15:14:55	/images/j-ico1.png
09.12.2016 15:14:55	/images/j-ico2.png
09.12.2016 15:14:55	/images/j-ico3.png
09.12.2016 15:14:55	/images/j-ico4.png
09.12.2016 15:14:55	/images/logo-footer.png
09.12.2016 15:14:56	/images/ico-f.jpg
09.12.2016 15:14:56	/images/ico-t.jpg
09.12.2016 15:14:56	/js/jquery-1.12.3.min.js
09.12.2016 15:14:59	/images/ico-v.jpg
09.12.2016 15:15:00	/images/r-ico3.png
09.12.2016 15:15:01	/images/linux-img.jpg
09.12.2016 15:15:01	/js/jquery.fancybox.pack.js
09.12.2016 15:15:04	/css/responsive.css
09.12.2016 15:15:05	/css/jquery.fancybox.css
09.12.2016 15:15:05	/css/style.css
09.12.2016 15:15:06	/js/materialmenu.jquery.min.js
09.12.2016 15:15:06	/js/main.js
09.12.2016 15:15:07	/css/reset.css
09.12.2016 15:15:07	/js/jquery-scrollspy.js
09.12.2016 15:15:08	/images/form-bg.jpg
09.12.2016 15:15:09	/images/partners-bg.png
09.12.2016 15:15:09	/images/platform-sprite.png
09.12.2016 15:15:09	/images/arr-right-img.png
09.12.2016 15:15:09	/images/arrow1.png
09.12.2016 15:15:09	/images/benef-sprite.png
09.12.2016 15:15:09	/images/arrow2.png
09.12.2016 15:15:10	/images/ico-play.png
09.12.2016 15:15:10	/images/header-bg.jpg
09.12.2016 15:15:11	/images/reliability-bg.jpg
09.12.2016 15:15:11	/images/consult-form-bg.jpg
09.12.2016 15:15:12	/favicon.ico
09.12.2016 15:20:13	/845f5deecdbd4c19922621fb106faf29/arterySignalR/ping?requestUrl=http%3A%2F%2Flocalhost%3A31776%2F&browserName=InternetExplorer&_=1481286012634
09.12.2016 15:25:13	/845f5deecdbd4c19922621fb106faf29/arterySignalR/ping?requestUrl=http%3A%2F%2Flocalhost%3A31776%2F&browserName=InternetExplorer&_=1481286312630
09.12.2016 15:30:13	/845f5deecdbd4c19922621fb106faf29/arterySignalR/ping?requestUrl=http%3A%2F%2Flocalhost%3A31776%2F&browserName=InternetExplorer&_=1481286612626
09.12.2016 16:22:09	/favicon.ico
