23.09.2016 10:41:49	/
23.09.2016 10:41:50	/style.css
23.09.2016 10:41:50	/css/default_nivo/default.css
23.09.2016 10:41:50	/css/about_company_css.css
23.09.2016 10:41:50	/js/jivosite/jivosite.css
23.09.2016 10:41:50	/layout.css
23.09.2016 10:41:50	/js/openmap.js
23.09.2016 10:41:50	/js/cufon-yui.js
23.09.2016 10:41:50	/js/cufon-replace.js
23.09.2016 10:41:50	/js/jquery.maskedinput-1.3.min.js
23.09.2016 10:41:51	/js/jquery-1.8.2.min.js
23.09.2016 10:41:51	/js/jquery.carouFredSel-6.1.0-packed.js
23.09.2016 10:41:51	/callme/jquery.storage.js
23.09.2016 10:41:52	/callme/callme.js
23.09.2016 10:41:52	/js/jquery-1.3.2.min.js
23.09.2016 10:41:52	/callme-director/callme-director.js
23.09.2016 10:41:52	/js/jivosite/jivosite.js
23.09.2016 10:41:52	/js/main.js
23.09.2016 10:41:52	/js/PopUps/FastCall.js
23.09.2016 10:41:52	/js/PopUps/Zamer.js
23.09.2016 10:41:52	/assets/images/1page-img3.jpg
23.09.2016 10:41:53	/assets/images/1page-img18.jpg
23.09.2016 10:41:53	/assets/images/1page-img2.jpg
23.09.2016 10:41:53	/callme-gager/callme-gager.js
23.09.2016 10:41:54	/css/nivo-slider.css
23.09.2016 10:41:54	/callme-gager/callme-gager.css
23.09.2016 10:41:55	/callme/callme.css
23.09.2016 10:41:55	/callme-director/callme-director.css
23.09.2016 10:42:39	/source/fancybox_overlay.png
23.09.2016 10:42:40	/callme-director/bg_callme-director.png
