08.07.2016 10:43:11	/
08.07.2016 10:43:12	/js/jquery.mousewheel-3.0.6.pack.js
08.07.2016 10:43:13	/sp/cache/css/s1/mainTPL/page_01/page_01.css
08.07.2016 10:43:14	/js/fancyapps/jquery.fancybox.css
08.07.2016 10:43:16	/ajax.googleapis.com/ajax/libs/jquery/1.11.2/jquery.min.js
08.07.2016 10:43:20	/css/template.css
08.07.2016 10:43:24	/css/style7a64.css?up=1
08.07.2016 10:43:37	/css/animate.css
08.07.2016 10:43:38	/css/fotorama.css
08.07.2016 10:43:38	/js/project.scripts.js
08.07.2016 10:43:39	/js/project.funtions.js
08.07.2016 10:43:39	/js/transfers.js
08.07.2016 10:44:04	/sp/cache/js/s1/mainTPL/kernel_main/kernel_main.js
08.07.2016 10:44:05	/sp/templates/mainTPL/template_styles.css
08.07.2016 10:44:06	/sp/js/main/core/core_ajax.js
08.07.2016 10:44:06	/sp/js/main/session.js
08.07.2016 10:44:07	/sp/js/main/core/core_popup.js
08.07.2016 10:44:08	/mail_ajax.js
08.07.2016 10:44:13	/sp/js/main/core/core.js
08.07.2016 10:44:13	/sp/cache/js/s1/mainTPL/page_29/page_29.js
08.07.2016 10:44:26	/js/fotorama.js
08.07.2016 10:44:28	/yandex.st/jquery/cookie/1.0/jquery.cookie.min.js
08.07.2016 10:44:28	/img/Logo_color_ob.png
08.07.2016 10:44:30	/img/up.jpg
08.07.2016 10:44:30	/img/banners/ban1.jpg
08.07.2016 10:44:30	/img/banners/ban2.jpg
08.07.2016 10:44:30	/js/jquery.maskedinput.min.js
08.07.2016 10:44:30	/img/rem_icon1.jpg
08.07.2016 10:44:30	/img/rem_icon2.jpg
08.07.2016 10:44:30	/img/rem_icon3.jpg
08.07.2016 10:44:30	/img/rem_icon4.jpg
08.07.2016 10:44:30	/img/rem_icon5.jpg
08.07.2016 10:44:31	/img/rem_icon6.jpg
08.07.2016 10:44:31	/img/rem_icon7.jpg
08.07.2016 10:44:31	/sp/templates/default/components/bitrix/form.result.new/template_vystaly100posetitelem/style.css
08.07.2016 10:44:31	/img/rem_icon9.jpg
08.07.2016 10:44:32	/img/rem_icon10.jpg
08.07.2016 10:44:32	/img/rem_icon11.jpg
08.07.2016 10:44:32	/img/rem_icon12.jpg
08.07.2016 10:44:55	/img/slider/banner1.jpg
08.07.2016 10:45:01	/img/slider/banner2.jpg
08.07.2016 10:45:14	/img/slider/banner3.jpg
08.07.2016 10:45:26	/img/slider/banner4.jpg
08.07.2016 10:45:26	/img/ipad/butpodr.png
08.07.2016 10:45:27	/img/foto_img49.jpg
08.07.2016 10:45:31	/img/foto_img50.jpg
08.07.2016 10:45:32	/img/foto_img7.jpg
08.07.2016 10:45:33	/img/foto_img8.jpg
08.07.2016 10:45:34	/img/foto_img2.jpg
08.07.2016 10:45:37	/img/foto_img3.jpg
08.07.2016 10:45:37	/img/foto_img5.jpg
08.07.2016 10:45:40	/img/foto_img6.jpg
08.07.2016 10:45:50	/img/foto_img10.jpg
08.07.2016 10:45:53	/img/foto_img12.jpg
08.07.2016 10:45:54	/img/foto_img22.jpg
08.07.2016 10:45:58	/img/foto_img26.jpg
08.07.2016 10:46:00	/img/foto_img16.jpg
08.07.2016 10:46:03	/img/foto_img17.jpg
08.07.2016 10:46:06	/img/foto_img40.jpg
08.07.2016 10:46:08	/img/foto_img41.jpg
08.07.2016 10:46:10	/img/foto_img37.jpg
08.07.2016 10:46:10	/img/rem_icon8.jpg
08.07.2016 10:46:10	/img/foto_img19.jpg
08.07.2016 10:46:10	/img/foto_img21.jpg
08.07.2016 10:46:11	/img/icon2.jpg
08.07.2016 10:46:11	/img/foto_img39.jpg
08.07.2016 10:46:12	/img/icon4.jpg
08.07.2016 10:46:12	/img/icon3.jpg
08.07.2016 10:46:12	/img/icon1.jpg
08.07.2016 10:46:14	/img/foto/ost1.jpg
08.07.2016 10:46:16	/img/banners/ban3.jpg
08.07.2016 10:46:18	/img/foto/ost2.jpg
08.07.2016 10:46:21	/img/foto/ost4.jpg
08.07.2016 10:46:22	/img/foto/ost5.jpg
08.07.2016 10:46:22	/img/preim5.png
08.07.2016 10:46:24	/img/foto/ost3.jpg
08.07.2016 10:46:26	/img/foto/ost7.jpg
08.07.2016 10:46:29	/img/foto/ost9.jpg
08.07.2016 10:46:31	/img/foto/ost11.jpg
08.07.2016 10:46:31	/img/foto/ost10.jpg
08.07.2016 10:46:33	/img/foto/ost12.jpg
08.07.2016 10:46:35	/img/foto/ost13.jpg
08.07.2016 10:46:39	/img/foto/ost14.jpg
08.07.2016 10:46:54	/img/foto/otd1.jpg
08.07.2016 10:47:00	/img/foto/otd2.jpg
08.07.2016 10:47:04	/img/foto/otd3.jpg
08.07.2016 10:47:08	/img/foto/ost8.jpg
08.07.2016 10:47:11	/img/foto/otd5.jpg
08.07.2016 10:47:23	/img/foto/otd6.jpg
08.07.2016 10:47:29	/img/foto/otd7.jpg
08.07.2016 10:47:32	/img/foto/otd8.jpg
08.07.2016 10:47:33	/img/foto/otd9.jpg
08.07.2016 10:48:02	/img/foto/otd10.jpg
08.07.2016 10:48:06	/img/foto/otd11.jpg
08.07.2016 10:48:07	/img/foto/otd12.jpg
08.07.2016 10:48:09	/img/foto/otd13.jpg
08.07.2016 10:48:09	/img/foto/otd14.jpg
08.07.2016 10:48:09	/img/foto/otd15.jpg
08.07.2016 10:48:09	/img/foto/otd16.jpg
08.07.2016 10:48:09	/img/foto/otd17.jpg
08.07.2016 10:48:09	/img/otzivi/review1s.jpg
08.07.2016 10:48:09	/img/otzivi/review2s.jpg
08.07.2016 10:48:10	/img/otzivi/review3s.jpg
08.07.2016 10:48:10	/img/otzivi/review4s.jpg
08.07.2016 10:48:20	/img/foto/otd4.jpg
08.07.2016 10:48:27	/img/foto/ost6.jpg
08.07.2016 10:48:27	/sp/templates/mainTPL/styles.css
08.07.2016 10:48:28	/sp/templates/default/components/bitrix/breadcrumb/default/style.css
08.07.2016 10:48:28	/sp/templates/default/components/bitrix/menu/top/style.css
08.07.2016 10:48:30	/sp/cache/css/s1/mainTPL/kernel_main/kernel_main.css
08.07.2016 10:48:30	/sp/js/main/core/css/core_popup.css
08.07.2016 10:48:31	/img/otzivi/review5s.jpg
08.07.2016 10:48:33	/sp/js/main/core/css/core.css
08.07.2016 10:48:33	/js/jquery.selectbox-0.6.1/jquery.selectbox-0.6.1.js
08.07.2016 10:48:34	/js/jquery.selectbox-0.6.1/jquery.selectbox.css
08.07.2016 10:48:35	/js/fancyapps/jquery.fancybox.pack.js
08.07.2016 10:48:50	/img/zayavki/raschet_back.jpg
08.07.2016 10:48:51	/img/ipadbut_right.png
08.07.2016 10:49:26	/img/zayavki/zamer_back.png
08.07.2016 10:49:26	/img/photoramanext.png
08.07.2016 10:49:26	/css/fotorama.html
08.07.2016 10:49:27	/img/chas/chaschasbg.png
08.07.2016 10:49:27	/img/chas/fancybox_overlay.png
08.07.2016 10:49:28	/images/tpl/slider-pager.png
08.07.2016 10:49:28	/img/chas/chasinp_.png
08.07.2016 10:49:50	/img/chas/chasbg.png
08.07.2016 10:49:51	/img/photoramaprev.png
08.07.2016 10:49:52	/images/tpl/navi-hor.png
08.07.2016 10:49:58	/img/ipadbg.jpg
08.07.2016 10:49:58	/images/l_arr.png
08.07.2016 10:49:59	/img/ipadbut_left.png
08.07.2016 10:49:59	/images/r_arr.png
08.07.2016 10:50:00	/favicon.ico
