03.11.2016 9:39:20	/
03.11.2016 9:39:21	/upload/iblock/ca4/ca443188974dfec90a43a93555a205de.png
03.11.2016 9:39:22	/bitrix/cache/css/s1/kapitalinvest/page_53c69ac55b7a89640d102c8b22fd9139/page_53c69ac55b7a89640d102c8b22fd9139.css?14664293491826
03.11.2016 9:39:23	/upload/iblock/47b/47b8f42ca8bd484d67e54ceaa3713a47.png
03.11.2016 9:39:23	/bitrix/cache/css/s1/kapitalinvest/template_5c5947612b9b30418c0805f97de8cd6c/template_5c5947612b9b30418c0805f97de8cd6c.css?1467977210193567
03.11.2016 9:39:24	/local/templates/kapitalinvest/app/styles/fonts/OpenSansLight.eot?
03.11.2016 9:39:25	/local/templates/kapitalinvest/images/calc-bg.png
03.11.2016 9:39:25	/upload/iblock/ebe/ebe5893ae013bbfed3613a6f8115c18c.jpg
03.11.2016 9:39:26	/local/templates/kapitalinvest/vendor/font-awesome/fonts/fontawesome-webfont.eot?
03.11.2016 9:39:26	/local/templates/kapitalinvest/app/styles/fonts/fontello.eot?71995645
03.11.2016 9:39:26	/local/templates/kapitalinvest/app/styles/fonts/OpenSansBold.eot?
03.11.2016 9:39:27	/local/templates/kapitalinvest/app/styles/fonts/OpenSansRegular.eot?
03.11.2016 9:39:27	/upload/iblock/bdb/bdb9b8e30a1fd858348cf56c29c103ca.png
03.11.2016 9:39:29	/favicon.ico
03.11.2016 9:50:07	/favicon.ico
03.11.2016 9:50:18	/contacts/
03.11.2016 9:50:19	/bitrix/cache/css/s1/kapitalinvest/page_6633c2a8f352eedb55b6dd271c9d1630/page_6633c2a8f352eedb55b6dd271c9d1630.css?14664307091366
03.11.2016 9:50:20	/bitrix/cache/css/s1/kapitalinvest/template_0471f687494b698e28f65e370556a55d/template_0471f687494b698e28f65e370556a55d.css?1467977206194243
03.11.2016 9:50:20	/bitrix/css/main/font-awesome.css?145805286128777
03.11.2016 9:50:21	/bitrix/fonts/fontawesome-webfont.eot?
03.11.2016 9:50:23	/favicon.ico
03.11.2016 9:50:40	/about/
03.11.2016 9:50:41	/bitrix/cache/css/s1/kapitalinvest/page_4ba1d677be8d2c712d3793ad8a5db9ad/page_4ba1d677be8d2c712d3793ad8a5db9ad.css?14664297431478
03.11.2016 9:50:42	/upload/resize_cache/iblock/dbe/1000_1000_1/dbef776df1fe3e54ebe7facb0aa850fc.JPG
03.11.2016 9:50:42	/bitrix/cache/js/s1/kapitalinvest/kernel_main/kernel_main.js?1466508600267300
03.11.2016 9:50:43	/upload/resize_cache/iblock/97c/1000_1000_1/97c05ae6fe28a37d2f2b347cb461833a.jpg
03.11.2016 9:50:43	/upload/resize_cache/iblock/da2/1000_1000_1/da2ccbbfcc4a145f1661bce04ef1ce4e.jpg
03.11.2016 9:50:43	/upload/resize_cache/iblock/a0e/1000_1000_1/a0ec85ebdfe8c6c9ee546d173a9d90ed.JPG
03.11.2016 9:50:43	/upload/resize_cache/iblock/34e/1000_1000_1/34e78c8e3c35b779c7840276e3f36efb.jpg
03.11.2016 9:50:43	/bitrix/cache/css/s1/kapitalinvest/kernel_main/kernel_main.css?146650860048075
03.11.2016 9:50:44	/upload/resize_cache/iblock/eed/1000_1000_1/eed86de4884659796000814347d2cdb0.JPG
03.11.2016 9:50:44	/upload/resize_cache/iblock/70e/1000_1000_1/70e993fba1ec299e3337859dc9c30e33.JPG
03.11.2016 9:50:53	/upload/iblock/0c7/0c79a8079e56a7bf0f42c7e8c74b6236.png
03.11.2016 9:50:53	/upload/resize_cache/iblock/a7c/1000_1000_1/a7c64c6a716778bdd20810c16c724afd.JPG
03.11.2016 9:50:53	/upload/resize_cache/iblock/77c/1000_1000_1/77c59cb3bd2db35fc887c18491aedcf4.jpg
03.11.2016 9:50:54	/upload/resize_cache/iblock/20c/1000_1000_1/20c1994bf83671158751d5ddc52e926b.JPG
03.11.2016 9:50:54	/upload/resize_cache/iblock/54c/1000_1000_1/54c60a23183f48db19451ff5fa34f568.JPG
03.11.2016 9:50:54	/upload/resize_cache/iblock/015/1000_1000_1/01528bbf50c36c0ad7474b68dc57dff9.JPG
03.11.2016 9:50:54	/upload/resize_cache/iblock/84a/1000_1000_1/84ad4c50795b73658341a694f33036d3.jpg
03.11.2016 9:50:55	/upload/resize_cache/iblock/002/1000_1000_1/00256611afabe4c1b6c4ebdbc4316a68.JPG
03.11.2016 9:50:55	/upload/resize_cache/iblock/5c6/1000_1000_1/5c6a9864ab4b1636b900e3d2ecc33911.JPG
03.11.2016 9:50:57	/upload/iblock/5d8/5d8d5ebc0d039be8eaa0fa819ad77113.jpg
03.11.2016 9:50:57	/upload/resize_cache/iblock/0e6/1000_1000_1/0e63cba80827ad67111632d963868787.JPG
03.11.2016 9:50:57	/upload/resize_cache/iblock/4f7/1000_1000_1/4f72ffba832dd5354fe5d5c5443ebbbe.jpg
03.11.2016 9:50:58	/upload/resize_cache/iblock/4a0/1000_1000_1/4a0cd0871c0ac2b3bb0904163026e591.JPG
03.11.2016 9:50:58	/upload/resize_cache/iblock/56d/1000_1000_1/56d3097674ef1b5854a4a68977230b22.jpg
03.11.2016 9:51:02	/upload/iblock/e89/e8948f7a5287b54238f80d3f879cf642.jpg
03.11.2016 9:51:09	/saving/
03.11.2016 9:51:10	/bitrix/cache/css/s1/kapitalinvest/page_0275491b9c8d2bfc684ddbf58f154944/page_0275491b9c8d2bfc684ddbf58f154944.css?14664293521120
03.11.2016 9:51:28	/loan/
07.11.2016 9:46:00	/favicon.ico	[locked]
