20.01.2017 9:21:11	/
20.01.2017 9:21:13	/media/ext_tss/assets/css/style.css
20.01.2017 9:21:13	/libraries/cegcore/assets/gplugins/gvalidation/gvalidation.css
20.01.2017 9:21:13	/libraries/cegcore/assets/gplugins/gtooltip/gtooltip.css
20.01.2017 9:21:13	/libraries/cegcore/assets/gplugins/gtabs/gtabs.css
20.01.2017 9:21:13	/libraries/cegcore/assets/gplugins/gsliders/gsliders.css
20.01.2017 9:21:14	/libraries/cegcore/assets/gplugins/gmodal/gmodal.css
20.01.2017 9:21:14	/libraries/cegcore/assets/gplugins/gdropdown/gdropdown.css
20.01.2017 9:21:14	/media/jui/js/jquery.min.js
20.01.2017 9:21:14	/media/jui/js/jquery-noconflict.js
20.01.2017 9:21:14	/media/jui/js/jquery-migrate.min.js
20.01.2017 9:21:14	/media/ext_tss/assets/js/script.js
20.01.2017 9:21:14	/media/system/js/caption.js
20.01.2017 9:21:14	/plugins/system/jcemediabox/js/jcemediabox.js?2ee2100a9127451a41de5a4c2c62e127
20.01.2017 9:21:14	/media/jui/js/bootstrap.min.js
20.01.2017 9:21:14	/templates/tpl_dostavka/js/template.js
20.01.2017 9:21:15	/templates/tpl_dostavka/js/sourcebuster.min.js
20.01.2017 9:21:15	/templates/tpl_dostavka/js/inputmask.js
20.01.2017 9:21:15	/templates/tpl_dostavka/js/jquery.inputmask.js
20.01.2017 9:21:15	/libraries/cegcore/assets/jquery/jquery.js
20.01.2017 9:21:15	/libraries/cegcore/assets/gplugins/gtooltip/gtooltip.js
20.01.2017 9:21:15	/libraries/cegcore/assets/gplugins/gvalidation/gvalidation.js
20.01.2017 9:21:16	/libraries/cegcore/assets/gplugins/gvalidation/lang/ru.js
20.01.2017 9:21:16	/libraries/cegcore/assets/gplugins/gtabs/gtabs.js
20.01.2017 9:21:16	/libraries/cegcore/assets/gplugins/gsliders/gsliders.js
20.01.2017 9:21:16	/libraries/cegcore/assets/gplugins/gmodal/gmodal.js
20.01.2017 9:21:16	/libraries/cegcore/assets/gplugins/gdropdown/gdropdown.js
20.01.2017 9:21:16	/images/logo.png
20.01.2017 9:21:16	/images/header3.jpg
20.01.2017 9:21:16	/templates/tpl_dostavka/css/template.css
20.01.2017 9:21:16	/components/com_jcomments/tpl/default/style.css?v=3002
20.01.2017 9:21:16	/images/kategory/shalanda.png
20.01.2017 9:21:17	/images/kategory/AVTOVOZmini.png
20.01.2017 9:21:17	/images/kategory/Untitled-1.png
20.01.2017 9:21:17	/images/kategory/tral.png
20.01.2017 9:21:17	/templates/tpl_dostavka/css/mobile.css
20.01.2017 9:21:17	/images/kategory/ref.png
20.01.2017 9:21:17	/images/kategory/tent.png
20.01.2017 9:21:18	/plugins/system/jcemediabox/css/jcemediabox.css?3ab6d4490e67378d035cce4c84ffa080
20.01.2017 9:21:18	/plugins/system/jcemediabox/themes/squeeze/css/style.css?db43fb7bdf4b88f44190f82d817326e3
20.01.2017 9:21:20	/templates/tpl_dostavka/images/bg-earth.png
20.01.2017 9:21:20	/templates/tpl_dostavka/images/bg-arrow-right.png
20.01.2017 9:21:20	/templates/tpl_dostavka/images/bg-topmenu.png
20.01.2017 9:21:20	/templates/tpl_dostavka/images/bg-main.jpg
20.01.2017 9:21:20	/plugins/system/jcemediabox/themes/squeeze/popup.html
20.01.2017 9:21:21	/templates/tpl_dostavka/images/img-footer.jpg
20.01.2017 9:21:21	/templates/tpl_dostavka/images/bg-form.png
20.01.2017 9:21:21	/plugins/system/jcemediabox/themes/squeeze/tooltip.html
20.01.2017 9:21:22	/templates/tpl_dostavka/images/bg-list-style.png
20.01.2017 9:21:22	/templates/tpl_dostavka/images/bg-menu-offer.png
20.01.2017 9:21:22	/templates/tpl_dostavka/favicon.ico
20.01.2017 9:23:50	/libraries/cegcore/assets/gplugins/gvalidation/gvalidation.css
20.01.2017 9:23:50	/libraries/cegcore/assets/gplugins/gmodal/gmodal.css
20.01.2017 9:23:51	/libraries/cegcore/assets/gplugins/gsliders/gsliders.css
20.01.2017 9:23:51	/libraries/cegcore/assets/gplugins/gtabs/gtabs.css
20.01.2017 9:26:23	/libraries/cegcore/assets/gplugins/gvalidation/gvalidation.css
20.01.2017 9:26:24	/libraries/cegcore/assets/gplugins/gsliders/gsliders.css
20.01.2017 9:26:24	/libraries/cegcore/assets/gplugins/gtabs/gtabs.css
20.01.2017 9:26:26	/libraries/cegcore/assets/gplugins/gmodal/gmodal.css
20.01.2017 9:28:35	/libraries/cegcore/assets/gplugins/gvalidation/gvalidation.css
20.01.2017 9:28:45	/libraries/cegcore/assets/gplugins/gmodal/gmodal.css
20.01.2017 9:28:46	/libraries/cegcore/assets/gplugins/gsliders/gsliders.css
20.01.2017 9:28:47	/libraries/cegcore/assets/gplugins/gtabs/gtabs.css
20.01.2017 9:33:52	/149130c966e74e35ba05c9e8a93dc5fc/arterySignalR/ping?requestUrl=http%3A%2F%2Flocalhost%3A31776%2F&browserName=InternetExplorer&_=1484894031883
20.01.2017 9:36:17	/libraries/cegcore/assets/gplugins/gtabs/gtabs.css
20.01.2017 9:36:17	/libraries/cegcore/assets/gplugins/gsliders/gsliders.css
20.01.2017 9:36:17	/libraries/cegcore/assets/gplugins/gmodal/gmodal.css
20.01.2017 9:36:18	/libraries/cegcore/assets/gplugins/gvalidation/gvalidation.css
20.01.2017 9:41:22	/149130c966e74e35ba05c9e8a93dc5fc/arterySignalR/ping?requestUrl=http%3A%2F%2Flocalhost%3A31776%2F&browserName=InternetExplorer&_=1484894482170
20.01.2017 9:58:20	/libraries/cegcore/assets/gplugins/gvalidation/gvalidation.css
20.01.2017 10:14:35	/libraries/cegcore/assets/gplugins/gvalidation/gvalidation.css
20.01.2017 10:14:35	/libraries/cegcore/assets/gplugins/gtabs/gtabs.css
20.01.2017 10:14:35	/libraries/cegcore/assets/gplugins/gsliders/gsliders.css
20.01.2017 10:14:35	/libraries/cegcore/assets/gplugins/gmodal/gmodal.css
20.01.2017 10:16:34	/libraries/cegcore/assets/gplugins/gtabs/gtabs.css
20.01.2017 10:16:37	/libraries/cegcore/assets/gplugins/gsliders/gsliders.css
20.01.2017 10:16:38	/libraries/cegcore/assets/gplugins/gmodal/gmodal.css
20.01.2017 10:16:38	/libraries/cegcore/assets/gplugins/gvalidation/gvalidation.css
